[2024-06-25 09:56:39] WebP generated: /home/platne/serwer149987/public_html/autoinstalator/srodowiskotestowe.wilmed.pl/wordpress72499/wp-content/uploads/2024/06/image-53.png
[2024-06-25 09:56:39] WebP generated: /home/platne/serwer149987/public_html/autoinstalator/srodowiskotestowe.wilmed.pl/wordpress72499/wp-content/uploads/2024/06/image-53-300x300.png
[2024-06-25 09:56:39] WebP generated: /home/platne/serwer149987/public_html/autoinstalator/srodowiskotestowe.wilmed.pl/wordpress72499/wp-content/uploads/2024/06/image-53-150x150.png
[2024-06-25 09:56:39] WebP sizes generated for attachment ID: 8
[2024-06-25 09:56:41] AVIF generated: /home/platne/serwer149987/public_html/autoinstalator/srodowiskotestowe.wilmed.pl/wordpress72499/wp-content/uploads/2024/06/image-53.png
[2024-06-25 09:56:41] AVIF generated: /home/platne/serwer149987/public_html/autoinstalator/srodowiskotestowe.wilmed.pl/wordpress72499/wp-content/uploads/2024/06/image-53-300x300.png
[2024-06-25 09:56:41] AVIF generated: /home/platne/serwer149987/public_html/autoinstalator/srodowiskotestowe.wilmed.pl/wordpress72499/wp-content/uploads/2024/06/image-53-150x150.png
[2024-06-25 09:56:41] AVIF sizes generated for attachment ID: 8
[2024-06-25 09:56:42] WebP generated: /home/platne/serwer149987/public_html/autoinstalator/srodowiskotestowe.wilmed.pl/wordpress72499/wp-content/uploads/2024/06/cta_image.png
[2024-06-25 09:56:42] WebP generated: /home/platne/serwer149987/public_html/autoinstalator/srodowiskotestowe.wilmed.pl/wordpress72499/wp-content/uploads/2024/06/cta_image-300x105.png
[2024-06-25 09:56:42] WebP generated: /home/platne/serwer149987/public_html/autoinstalator/srodowiskotestowe.wilmed.pl/wordpress72499/wp-content/uploads/2024/06/cta_image-1024x360.png
[2024-06-25 09:56:42] WebP generated: /home/platne/serwer149987/public_html/autoinstalator/srodowiskotestowe.wilmed.pl/wordpress72499/wp-content/uploads/2024/06/cta_image-150x150.png
[2024-06-25 09:56:42] WebP generated: /home/platne/serwer149987/public_html/autoinstalator/srodowiskotestowe.wilmed.pl/wordpress72499/wp-content/uploads/2024/06/cta_image-768x270.png
[2024-06-25 09:56:42] WebP generated: /home/platne/serwer149987/public_html/autoinstalator/srodowiskotestowe.wilmed.pl/wordpress72499/wp-content/uploads/2024/06/cta_image-1536x540.png
[2024-06-25 09:56:42] WebP generated: /home/platne/serwer149987/public_html/autoinstalator/srodowiskotestowe.wilmed.pl/wordpress72499/wp-content/uploads/2024/06/cta_image-2048x720.png
[2024-06-25 09:56:42] WebP sizes generated for attachment ID: 7
[2024-06-25 10:08:28] WebP generated: /home/platne/serwer149987/public_html/autoinstalator/srodowiskotestowe.wilmed.pl/wordpress72499/wp-content/uploads/2024/06/image-53.png
[2024-06-25 10:08:28] WebP generated: /home/platne/serwer149987/public_html/autoinstalator/srodowiskotestowe.wilmed.pl/wordpress72499/wp-content/uploads/2024/06/image-53-300x300.png
[2024-06-25 10:08:28] WebP generated: /home/platne/serwer149987/public_html/autoinstalator/srodowiskotestowe.wilmed.pl/wordpress72499/wp-content/uploads/2024/06/image-53-150x150.png
[2024-06-25 10:08:28] WebP sizes generated for attachment ID: 8
[2024-06-25 10:08:30] AVIF generated: /home/platne/serwer149987/public_html/autoinstalator/srodowiskotestowe.wilmed.pl/wordpress72499/wp-content/uploads/2024/06/image-53.png
[2024-06-25 10:08:30] AVIF generated: /home/platne/serwer149987/public_html/autoinstalator/srodowiskotestowe.wilmed.pl/wordpress72499/wp-content/uploads/2024/06/image-53-300x300.png
[2024-06-25 10:08:31] AVIF generated: /home/platne/serwer149987/public_html/autoinstalator/srodowiskotestowe.wilmed.pl/wordpress72499/wp-content/uploads/2024/06/image-53-150x150.png
[2024-06-25 10:08:31] AVIF sizes generated for attachment ID: 8
[2024-06-25 10:08:31] WebP generated: /home/platne/serwer149987/public_html/autoinstalator/srodowiskotestowe.wilmed.pl/wordpress72499/wp-content/uploads/2024/06/cta_image.png
[2024-06-25 10:08:31] WebP generated: /home/platne/serwer149987/public_html/autoinstalator/srodowiskotestowe.wilmed.pl/wordpress72499/wp-content/uploads/2024/06/cta_image-300x105.png
[2024-06-25 10:08:31] WebP generated: /home/platne/serwer149987/public_html/autoinstalator/srodowiskotestowe.wilmed.pl/wordpress72499/wp-content/uploads/2024/06/cta_image-1024x360.png
[2024-06-25 10:08:31] WebP generated: /home/platne/serwer149987/public_html/autoinstalator/srodowiskotestowe.wilmed.pl/wordpress72499/wp-content/uploads/2024/06/cta_image-150x150.png
[2024-06-25 10:08:31] WebP generated: /home/platne/serwer149987/public_html/autoinstalator/srodowiskotestowe.wilmed.pl/wordpress72499/wp-content/uploads/2024/06/cta_image-768x270.png
[2024-06-25 10:08:31] WebP generated: /home/platne/serwer149987/public_html/autoinstalator/srodowiskotestowe.wilmed.pl/wordpress72499/wp-content/uploads/2024/06/cta_image-1536x540.png
[2024-06-25 10:08:31] WebP generated: /home/platne/serwer149987/public_html/autoinstalator/srodowiskotestowe.wilmed.pl/wordpress72499/wp-content/uploads/2024/06/cta_image-2048x720.png
[2024-06-25 10:08:31] WebP sizes generated for attachment ID: 7
[2024-06-25 10:17:34] WebP generated: /home/platne/serwer149987/public_html/autoinstalator/srodowiskotestowe.wilmed.pl/wordpress72499/wp-content/uploads/2024/06/image-53.png
[2024-06-25 10:17:34] WebP generated: /home/platne/serwer149987/public_html/autoinstalator/srodowiskotestowe.wilmed.pl/wordpress72499/wp-content/uploads/2024/06/image-53-300x300.png
[2024-06-25 10:17:34] WebP generated: /home/platne/serwer149987/public_html/autoinstalator/srodowiskotestowe.wilmed.pl/wordpress72499/wp-content/uploads/2024/06/image-53-150x150.png
[2024-06-25 10:17:34] WebP sizes generated for attachment ID: 8
[2024-06-25 10:17:36] AVIF generated: /home/platne/serwer149987/public_html/autoinstalator/srodowiskotestowe.wilmed.pl/wordpress72499/wp-content/uploads/2024/06/image-53.png
[2024-06-25 10:17:36] AVIF generated: /home/platne/serwer149987/public_html/autoinstalator/srodowiskotestowe.wilmed.pl/wordpress72499/wp-content/uploads/2024/06/image-53-300x300.png
[2024-06-25 10:17:37] AVIF generated: /home/platne/serwer149987/public_html/autoinstalator/srodowiskotestowe.wilmed.pl/wordpress72499/wp-content/uploads/2024/06/image-53-150x150.png
[2024-06-25 10:17:37] AVIF sizes generated for attachment ID: 8
[2024-06-25 10:17:37] WebP generated: /home/platne/serwer149987/public_html/autoinstalator/srodowiskotestowe.wilmed.pl/wordpress72499/wp-content/uploads/2024/06/cta_image.png
[2024-06-25 10:17:37] WebP generated: /home/platne/serwer149987/public_html/autoinstalator/srodowiskotestowe.wilmed.pl/wordpress72499/wp-content/uploads/2024/06/cta_image-300x105.png
[2024-06-25 10:17:37] WebP generated: /home/platne/serwer149987/public_html/autoinstalator/srodowiskotestowe.wilmed.pl/wordpress72499/wp-content/uploads/2024/06/cta_image-1024x360.png
[2024-06-25 10:17:37] WebP generated: /home/platne/serwer149987/public_html/autoinstalator/srodowiskotestowe.wilmed.pl/wordpress72499/wp-content/uploads/2024/06/cta_image-150x150.png
[2024-06-25 10:17:37] WebP generated: /home/platne/serwer149987/public_html/autoinstalator/srodowiskotestowe.wilmed.pl/wordpress72499/wp-content/uploads/2024/06/cta_image-768x270.png
[2024-06-25 10:17:37] WebP generated: /home/platne/serwer149987/public_html/autoinstalator/srodowiskotestowe.wilmed.pl/wordpress72499/wp-content/uploads/2024/06/cta_image-1536x540.png
[2024-06-25 10:17:38] WebP generated: /home/platne/serwer149987/public_html/autoinstalator/srodowiskotestowe.wilmed.pl/wordpress72499/wp-content/uploads/2024/06/cta_image-2048x720.png
[2024-06-25 10:17:38] WebP sizes generated for attachment ID: 7
[2024-06-25 10:20:18] Starting AVIF size generation for attachment ID: 7
[2024-06-25 10:20:18] Starting AVIF generation for: /home/platne/serwer149987/public_html/autoinstalator/srodowiskotestowe.wilmed.pl/wordpress72499/wp-content/uploads/2024/06/cta_image.png
[2024-06-25 10:20:35] Starting WebP size generation for attachment ID: 8
[2024-06-25 10:20:35] Starting WebP generation for: /home/platne/serwer149987/public_html/autoinstalator/srodowiskotestowe.wilmed.pl/wordpress72499/wp-content/uploads/2024/06/image-53.png
[2024-06-25 10:20:35] WebP generated: /home/platne/serwer149987/public_html/autoinstalator/srodowiskotestowe.wilmed.pl/wordpress72499/wp-content/uploads/2024/06/image-53.png
[2024-06-25 10:20:35] Starting WebP generation for: /home/platne/serwer149987/public_html/autoinstalator/srodowiskotestowe.wilmed.pl/wordpress72499/wp-content/uploads/2024/06/image-53-300x300.png
[2024-06-25 10:20:35] WebP generated: /home/platne/serwer149987/public_html/autoinstalator/srodowiskotestowe.wilmed.pl/wordpress72499/wp-content/uploads/2024/06/image-53-300x300.png
[2024-06-25 10:20:35] Starting WebP generation for: /home/platne/serwer149987/public_html/autoinstalator/srodowiskotestowe.wilmed.pl/wordpress72499/wp-content/uploads/2024/06/image-53-150x150.png
[2024-06-25 10:20:35] WebP generated: /home/platne/serwer149987/public_html/autoinstalator/srodowiskotestowe.wilmed.pl/wordpress72499/wp-content/uploads/2024/06/image-53-150x150.png
[2024-06-25 10:20:35] WebP sizes generated for attachment ID: 8
[2024-06-25 10:20:35] Starting AVIF size generation for attachment ID: 8
[2024-06-25 10:20:35] Starting AVIF generation for: /home/platne/serwer149987/public_html/autoinstalator/srodowiskotestowe.wilmed.pl/wordpress72499/wp-content/uploads/2024/06/image-53.png
[2024-06-25 10:20:36] AVIF generated: /home/platne/serwer149987/public_html/autoinstalator/srodowiskotestowe.wilmed.pl/wordpress72499/wp-content/uploads/2024/06/image-53.png
[2024-06-25 10:20:36] Starting AVIF generation for: /home/platne/serwer149987/public_html/autoinstalator/srodowiskotestowe.wilmed.pl/wordpress72499/wp-content/uploads/2024/06/image-53-300x300.png
[2024-06-25 10:20:37] AVIF generated: /home/platne/serwer149987/public_html/autoinstalator/srodowiskotestowe.wilmed.pl/wordpress72499/wp-content/uploads/2024/06/image-53-300x300.png
[2024-06-25 10:20:37] Starting AVIF generation for: /home/platne/serwer149987/public_html/autoinstalator/srodowiskotestowe.wilmed.pl/wordpress72499/wp-content/uploads/2024/06/image-53-150x150.png
[2024-06-25 10:20:37] AVIF generated: /home/platne/serwer149987/public_html/autoinstalator/srodowiskotestowe.wilmed.pl/wordpress72499/wp-content/uploads/2024/06/image-53-150x150.png
[2024-06-25 10:20:37] AVIF sizes generated for attachment ID: 8
[2024-06-25 10:20:37] Starting WebP size generation for attachment ID: 7
[2024-06-25 10:20:37] Starting WebP generation for: /home/platne/serwer149987/public_html/autoinstalator/srodowiskotestowe.wilmed.pl/wordpress72499/wp-content/uploads/2024/06/cta_image.png
[2024-06-25 10:20:37] WebP generated: /home/platne/serwer149987/public_html/autoinstalator/srodowiskotestowe.wilmed.pl/wordpress72499/wp-content/uploads/2024/06/cta_image.png
[2024-06-25 10:20:37] Starting WebP generation for: /home/platne/serwer149987/public_html/autoinstalator/srodowiskotestowe.wilmed.pl/wordpress72499/wp-content/uploads/2024/06/cta_image-300x105.png
[2024-06-25 10:20:37] WebP generated: /home/platne/serwer149987/public_html/autoinstalator/srodowiskotestowe.wilmed.pl/wordpress72499/wp-content/uploads/2024/06/cta_image-300x105.png
[2024-06-25 10:20:37] Starting WebP generation for: /home/platne/serwer149987/public_html/autoinstalator/srodowiskotestowe.wilmed.pl/wordpress72499/wp-content/uploads/2024/06/cta_image-1024x360.png
[2024-06-25 10:20:37] WebP generated: /home/platne/serwer149987/public_html/autoinstalator/srodowiskotestowe.wilmed.pl/wordpress72499/wp-content/uploads/2024/06/cta_image-1024x360.png
[2024-06-25 10:20:37] Starting WebP generation for: /home/platne/serwer149987/public_html/autoinstalator/srodowiskotestowe.wilmed.pl/wordpress72499/wp-content/uploads/2024/06/cta_image-150x150.png
[2024-06-25 10:20:37] WebP generated: /home/platne/serwer149987/public_html/autoinstalator/srodowiskotestowe.wilmed.pl/wordpress72499/wp-content/uploads/2024/06/cta_image-150x150.png
[2024-06-25 10:20:37] Starting WebP generation for: /home/platne/serwer149987/public_html/autoinstalator/srodowiskotestowe.wilmed.pl/wordpress72499/wp-content/uploads/2024/06/cta_image-768x270.png
[2024-06-25 10:20:37] WebP generated: /home/platne/serwer149987/public_html/autoinstalator/srodowiskotestowe.wilmed.pl/wordpress72499/wp-content/uploads/2024/06/cta_image-768x270.png
[2024-06-25 10:20:37] Starting WebP generation for: /home/platne/serwer149987/public_html/autoinstalator/srodowiskotestowe.wilmed.pl/wordpress72499/wp-content/uploads/2024/06/cta_image-1536x540.png
[2024-06-25 10:20:37] WebP generated: /home/platne/serwer149987/public_html/autoinstalator/srodowiskotestowe.wilmed.pl/wordpress72499/wp-content/uploads/2024/06/cta_image-1536x540.png
[2024-06-25 10:20:37] Starting WebP generation for: /home/platne/serwer149987/public_html/autoinstalator/srodowiskotestowe.wilmed.pl/wordpress72499/wp-content/uploads/2024/06/cta_image-2048x720.png
[2024-06-25 10:20:38] WebP generated: /home/platne/serwer149987/public_html/autoinstalator/srodowiskotestowe.wilmed.pl/wordpress72499/wp-content/uploads/2024/06/cta_image-2048x720.png
[2024-06-25 10:20:38] WebP sizes generated for attachment ID: 7
[2024-06-25 10:20:38] Starting AVIF size generation for attachment ID: 7
[2024-06-25 10:20:38] Starting AVIF generation for: /home/platne/serwer149987/public_html/autoinstalator/srodowiskotestowe.wilmed.pl/wordpress72499/wp-content/uploads/2024/06/cta_image.png
[2024-06-25 10:22:54] Starting WebP size generation for attachment ID: 8
[2024-06-25 10:22:54] Starting WebP generation for: /home/platne/serwer149987/public_html/autoinstalator/srodowiskotestowe.wilmed.pl/wordpress72499/wp-content/uploads/2024/06/image-53.png
[2024-06-25 10:22:54] WebP generated: /home/platne/serwer149987/public_html/autoinstalator/srodowiskotestowe.wilmed.pl/wordpress72499/wp-content/uploads/2024/06/image-53.png
[2024-06-25 10:22:54] Starting WebP generation for: /home/platne/serwer149987/public_html/autoinstalator/srodowiskotestowe.wilmed.pl/wordpress72499/wp-content/uploads/2024/06/image-53-300x300.png
[2024-06-25 10:22:55] WebP generated: /home/platne/serwer149987/public_html/autoinstalator/srodowiskotestowe.wilmed.pl/wordpress72499/wp-content/uploads/2024/06/image-53-300x300.png
[2024-06-25 10:22:55] Starting WebP generation for: /home/platne/serwer149987/public_html/autoinstalator/srodowiskotestowe.wilmed.pl/wordpress72499/wp-content/uploads/2024/06/image-53-150x150.png
[2024-06-25 10:22:55] WebP generated: /home/platne/serwer149987/public_html/autoinstalator/srodowiskotestowe.wilmed.pl/wordpress72499/wp-content/uploads/2024/06/image-53-150x150.png
[2024-06-25 10:22:55] WebP sizes generated for attachment ID: 8
[2024-06-25 10:22:55] Starting AVIF size generation for attachment ID: 8
[2024-06-25 10:22:55] Starting AVIF generation for: /home/platne/serwer149987/public_html/autoinstalator/srodowiskotestowe.wilmed.pl/wordpress72499/wp-content/uploads/2024/06/image-53.png
[2024-06-25 10:22:56] AVIF generated using Imagick: /home/platne/serwer149987/public_html/autoinstalator/srodowiskotestowe.wilmed.pl/wordpress72499/wp-content/uploads/2024/06/image-53.png
[2024-06-25 10:22:56] AVIF generated: /home/platne/serwer149987/public_html/autoinstalator/srodowiskotestowe.wilmed.pl/wordpress72499/wp-content/uploads/2024/06/image-53.png
[2024-06-25 10:22:56] Starting AVIF generation for: /home/platne/serwer149987/public_html/autoinstalator/srodowiskotestowe.wilmed.pl/wordpress72499/wp-content/uploads/2024/06/image-53-300x300.png
[2024-06-25 10:22:56] AVIF generated using Imagick: /home/platne/serwer149987/public_html/autoinstalator/srodowiskotestowe.wilmed.pl/wordpress72499/wp-content/uploads/2024/06/image-53-300x300.png
[2024-06-25 10:22:56] AVIF generated: /home/platne/serwer149987/public_html/autoinstalator/srodowiskotestowe.wilmed.pl/wordpress72499/wp-content/uploads/2024/06/image-53-300x300.png
[2024-06-25 10:22:56] Starting AVIF generation for: /home/platne/serwer149987/public_html/autoinstalator/srodowiskotestowe.wilmed.pl/wordpress72499/wp-content/uploads/2024/06/image-53-150x150.png
[2024-06-25 10:22:57] AVIF generated using Imagick: /home/platne/serwer149987/public_html/autoinstalator/srodowiskotestowe.wilmed.pl/wordpress72499/wp-content/uploads/2024/06/image-53-150x150.png
[2024-06-25 10:22:57] AVIF generated: /home/platne/serwer149987/public_html/autoinstalator/srodowiskotestowe.wilmed.pl/wordpress72499/wp-content/uploads/2024/06/image-53-150x150.png
[2024-06-25 10:22:57] AVIF sizes generated for attachment ID: 8
[2024-06-25 10:22:57] Starting WebP size generation for attachment ID: 7
[2024-06-25 10:22:57] Starting WebP generation for: /home/platne/serwer149987/public_html/autoinstalator/srodowiskotestowe.wilmed.pl/wordpress72499/wp-content/uploads/2024/06/cta_image.png
[2024-06-25 10:22:57] WebP generated: /home/platne/serwer149987/public_html/autoinstalator/srodowiskotestowe.wilmed.pl/wordpress72499/wp-content/uploads/2024/06/cta_image.png
[2024-06-25 10:22:57] Starting WebP generation for: /home/platne/serwer149987/public_html/autoinstalator/srodowiskotestowe.wilmed.pl/wordpress72499/wp-content/uploads/2024/06/cta_image-300x105.png
[2024-06-25 10:22:57] WebP generated: /home/platne/serwer149987/public_html/autoinstalator/srodowiskotestowe.wilmed.pl/wordpress72499/wp-content/uploads/2024/06/cta_image-300x105.png
[2024-06-25 10:22:57] Starting WebP generation for: /home/platne/serwer149987/public_html/autoinstalator/srodowiskotestowe.wilmed.pl/wordpress72499/wp-content/uploads/2024/06/cta_image-1024x360.png
[2024-06-25 10:22:57] WebP generated: /home/platne/serwer149987/public_html/autoinstalator/srodowiskotestowe.wilmed.pl/wordpress72499/wp-content/uploads/2024/06/cta_image-1024x360.png
[2024-06-25 10:22:57] Starting WebP generation for: /home/platne/serwer149987/public_html/autoinstalator/srodowiskotestowe.wilmed.pl/wordpress72499/wp-content/uploads/2024/06/cta_image-150x150.png
[2024-06-25 10:22:57] WebP generated: /home/platne/serwer149987/public_html/autoinstalator/srodowiskotestowe.wilmed.pl/wordpress72499/wp-content/uploads/2024/06/cta_image-150x150.png
[2024-06-25 10:22:57] Starting WebP generation for: /home/platne/serwer149987/public_html/autoinstalator/srodowiskotestowe.wilmed.pl/wordpress72499/wp-content/uploads/2024/06/cta_image-768x270.png
[2024-06-25 10:22:57] WebP generated: /home/platne/serwer149987/public_html/autoinstalator/srodowiskotestowe.wilmed.pl/wordpress72499/wp-content/uploads/2024/06/cta_image-768x270.png
[2024-06-25 10:22:57] Starting WebP generation for: /home/platne/serwer149987/public_html/autoinstalator/srodowiskotestowe.wilmed.pl/wordpress72499/wp-content/uploads/2024/06/cta_image-1536x540.png
[2024-06-25 10:22:58] WebP generated: /home/platne/serwer149987/public_html/autoinstalator/srodowiskotestowe.wilmed.pl/wordpress72499/wp-content/uploads/2024/06/cta_image-1536x540.png
[2024-06-25 10:22:58] Starting WebP generation for: /home/platne/serwer149987/public_html/autoinstalator/srodowiskotestowe.wilmed.pl/wordpress72499/wp-content/uploads/2024/06/cta_image-2048x720.png
[2024-06-25 10:22:58] WebP generated: /home/platne/serwer149987/public_html/autoinstalator/srodowiskotestowe.wilmed.pl/wordpress72499/wp-content/uploads/2024/06/cta_image-2048x720.png
[2024-06-25 10:22:58] WebP sizes generated for attachment ID: 7
[2024-06-25 10:22:58] Starting AVIF size generation for attachment ID: 7
[2024-06-25 10:22:58] Starting AVIF generation for: /home/platne/serwer149987/public_html/autoinstalator/srodowiskotestowe.wilmed.pl/wordpress72499/wp-content/uploads/2024/06/cta_image.png
[2024-06-25 10:23:57] Starting AVIF size generation for attachment ID: 7
[2024-06-25 10:23:57] Starting AVIF generation for: /home/platne/serwer149987/public_html/autoinstalator/srodowiskotestowe.wilmed.pl/wordpress72499/wp-content/uploads/2024/06/cta_image.png
[2024-06-25 10:24:00] Starting AVIF size generation for attachment ID: 7
[2024-06-25 10:24:00] Starting AVIF generation for: /home/platne/serwer149987/public_html/autoinstalator/srodowiskotestowe.wilmed.pl/wordpress72499/wp-content/uploads/2024/06/cta_image.png
[2024-06-25 10:26:27] Starting WebP size generation for attachment ID: 8
[2024-06-25 10:26:27] Starting WebP generation for: /home/platne/serwer149987/public_html/autoinstalator/srodowiskotestowe.wilmed.pl/wordpress72499/wp-content/uploads/2024/06/image-53.png
[2024-06-25 10:26:27] WebP generated: /home/platne/serwer149987/public_html/autoinstalator/srodowiskotestowe.wilmed.pl/wordpress72499/wp-content/uploads/2024/06/image-53.png
[2024-06-25 10:26:27] Starting WebP generation for: /home/platne/serwer149987/public_html/autoinstalator/srodowiskotestowe.wilmed.pl/wordpress72499/wp-content/uploads/2024/06/image-53-300x300.png
[2024-06-25 10:26:27] WebP generated: /home/platne/serwer149987/public_html/autoinstalator/srodowiskotestowe.wilmed.pl/wordpress72499/wp-content/uploads/2024/06/image-53-300x300.png
[2024-06-25 10:26:27] Starting WebP generation for: /home/platne/serwer149987/public_html/autoinstalator/srodowiskotestowe.wilmed.pl/wordpress72499/wp-content/uploads/2024/06/image-53-150x150.png
[2024-06-25 10:26:27] WebP generated: /home/platne/serwer149987/public_html/autoinstalator/srodowiskotestowe.wilmed.pl/wordpress72499/wp-content/uploads/2024/06/image-53-150x150.png
[2024-06-25 10:26:27] WebP sizes generated for attachment ID: 8
[2024-06-25 10:26:27] Starting AVIF size generation for attachment ID: 8
[2024-06-25 10:26:27] Starting AVIF generation for: /home/platne/serwer149987/public_html/autoinstalator/srodowiskotestowe.wilmed.pl/wordpress72499/wp-content/uploads/2024/06/image-53.png
[2024-06-25 10:26:28] AVIF generated using Imagick: /home/platne/serwer149987/public_html/autoinstalator/srodowiskotestowe.wilmed.pl/wordpress72499/wp-content/uploads/2024/06/image-53.png
[2024-06-25 10:26:28] AVIF generated: /home/platne/serwer149987/public_html/autoinstalator/srodowiskotestowe.wilmed.pl/wordpress72499/wp-content/uploads/2024/06/image-53.png
[2024-06-25 10:26:28] Starting AVIF generation for: /home/platne/serwer149987/public_html/autoinstalator/srodowiskotestowe.wilmed.pl/wordpress72499/wp-content/uploads/2024/06/image-53-300x300.png
[2024-06-25 10:26:29] AVIF generated using Imagick: /home/platne/serwer149987/public_html/autoinstalator/srodowiskotestowe.wilmed.pl/wordpress72499/wp-content/uploads/2024/06/image-53-300x300.png
[2024-06-25 10:26:29] AVIF generated: /home/platne/serwer149987/public_html/autoinstalator/srodowiskotestowe.wilmed.pl/wordpress72499/wp-content/uploads/2024/06/image-53-300x300.png
[2024-06-25 10:26:29] Starting AVIF generation for: /home/platne/serwer149987/public_html/autoinstalator/srodowiskotestowe.wilmed.pl/wordpress72499/wp-content/uploads/2024/06/image-53-150x150.png
[2024-06-25 10:26:29] AVIF generated using Imagick: /home/platne/serwer149987/public_html/autoinstalator/srodowiskotestowe.wilmed.pl/wordpress72499/wp-content/uploads/2024/06/image-53-150x150.png
[2024-06-25 10:26:29] AVIF generated: /home/platne/serwer149987/public_html/autoinstalator/srodowiskotestowe.wilmed.pl/wordpress72499/wp-content/uploads/2024/06/image-53-150x150.png
[2024-06-25 10:26:29] AVIF sizes generated for attachment ID: 8
[2024-06-25 10:26:52] Starting WebP size generation for attachment ID: 9
[2024-06-25 10:26:52] Starting WebP generation for: /home/platne/serwer149987/public_html/autoinstalator/srodowiskotestowe.wilmed.pl/wordpress72499/wp-content/uploads/2024/06/image-53-1.png
[2024-06-25 10:26:52] WebP generated: /home/platne/serwer149987/public_html/autoinstalator/srodowiskotestowe.wilmed.pl/wordpress72499/wp-content/uploads/2024/06/image-53-1.png
[2024-06-25 10:26:52] Starting WebP generation for: /home/platne/serwer149987/public_html/autoinstalator/srodowiskotestowe.wilmed.pl/wordpress72499/wp-content/uploads/2024/06/image-53-1-300x300.png
[2024-06-25 10:26:52] WebP generated: /home/platne/serwer149987/public_html/autoinstalator/srodowiskotestowe.wilmed.pl/wordpress72499/wp-content/uploads/2024/06/image-53-1-300x300.png
[2024-06-25 10:26:52] Starting WebP generation for: /home/platne/serwer149987/public_html/autoinstalator/srodowiskotestowe.wilmed.pl/wordpress72499/wp-content/uploads/2024/06/image-53-1-150x150.png
[2024-06-25 10:26:52] WebP generated: /home/platne/serwer149987/public_html/autoinstalator/srodowiskotestowe.wilmed.pl/wordpress72499/wp-content/uploads/2024/06/image-53-1-150x150.png
[2024-06-25 10:26:52] WebP sizes generated for attachment ID: 9
[2024-06-25 10:26:52] Starting AVIF size generation for attachment ID: 9
[2024-06-25 10:26:52] Starting AVIF generation for: /home/platne/serwer149987/public_html/autoinstalator/srodowiskotestowe.wilmed.pl/wordpress72499/wp-content/uploads/2024/06/image-53-1.png
[2024-06-25 10:26:54] AVIF generated using Imagick: /home/platne/serwer149987/public_html/autoinstalator/srodowiskotestowe.wilmed.pl/wordpress72499/wp-content/uploads/2024/06/image-53-1.png
[2024-06-25 10:26:54] AVIF generated: /home/platne/serwer149987/public_html/autoinstalator/srodowiskotestowe.wilmed.pl/wordpress72499/wp-content/uploads/2024/06/image-53-1.png
[2024-06-25 10:26:54] Starting AVIF generation for: /home/platne/serwer149987/public_html/autoinstalator/srodowiskotestowe.wilmed.pl/wordpress72499/wp-content/uploads/2024/06/image-53-1-300x300.png
[2024-06-25 10:26:54] AVIF generated using Imagick: /home/platne/serwer149987/public_html/autoinstalator/srodowiskotestowe.wilmed.pl/wordpress72499/wp-content/uploads/2024/06/image-53-1-300x300.png
[2024-06-25 10:26:54] AVIF generated: /home/platne/serwer149987/public_html/autoinstalator/srodowiskotestowe.wilmed.pl/wordpress72499/wp-content/uploads/2024/06/image-53-1-300x300.png
[2024-06-25 10:26:54] Starting AVIF generation for: /home/platne/serwer149987/public_html/autoinstalator/srodowiskotestowe.wilmed.pl/wordpress72499/wp-content/uploads/2024/06/image-53-1-150x150.png
[2024-06-25 10:26:55] AVIF generated using Imagick: /home/platne/serwer149987/public_html/autoinstalator/srodowiskotestowe.wilmed.pl/wordpress72499/wp-content/uploads/2024/06/image-53-1-150x150.png
[2024-06-25 10:26:55] AVIF generated: /home/platne/serwer149987/public_html/autoinstalator/srodowiskotestowe.wilmed.pl/wordpress72499/wp-content/uploads/2024/06/image-53-1-150x150.png
[2024-06-25 10:26:55] AVIF sizes generated for attachment ID: 9
[2024-06-25 10:27:42] Starting WebP size generation for attachment ID: 10
[2024-06-25 10:27:42] Starting WebP generation for: /home/platne/serwer149987/public_html/autoinstalator/srodowiskotestowe.wilmed.pl/wordpress72499/wp-content/uploads/2024/06/Screenshot-2024-06-18-at-11.25.45.png
[2024-06-25 10:27:42] WebP generated: /home/platne/serwer149987/public_html/autoinstalator/srodowiskotestowe.wilmed.pl/wordpress72499/wp-content/uploads/2024/06/Screenshot-2024-06-18-at-11.25.45.png
[2024-06-25 10:27:42] Starting WebP generation for: /home/platne/serwer149987/public_html/autoinstalator/srodowiskotestowe.wilmed.pl/wordpress72499/wp-content/uploads/2024/06/Screenshot-2024-06-18-at-11.25.45-300x169.png
[2024-06-25 10:27:42] WebP generated: /home/platne/serwer149987/public_html/autoinstalator/srodowiskotestowe.wilmed.pl/wordpress72499/wp-content/uploads/2024/06/Screenshot-2024-06-18-at-11.25.45-300x169.png
[2024-06-25 10:27:42] Starting WebP generation for: /home/platne/serwer149987/public_html/autoinstalator/srodowiskotestowe.wilmed.pl/wordpress72499/wp-content/uploads/2024/06/Screenshot-2024-06-18-at-11.25.45-1024x576.png
[2024-06-25 10:27:42] WebP generated: /home/platne/serwer149987/public_html/autoinstalator/srodowiskotestowe.wilmed.pl/wordpress72499/wp-content/uploads/2024/06/Screenshot-2024-06-18-at-11.25.45-1024x576.png
[2024-06-25 10:27:42] Starting WebP generation for: /home/platne/serwer149987/public_html/autoinstalator/srodowiskotestowe.wilmed.pl/wordpress72499/wp-content/uploads/2024/06/Screenshot-2024-06-18-at-11.25.45-150x150.png
[2024-06-25 10:27:42] WebP generated: /home/platne/serwer149987/public_html/autoinstalator/srodowiskotestowe.wilmed.pl/wordpress72499/wp-content/uploads/2024/06/Screenshot-2024-06-18-at-11.25.45-150x150.png
[2024-06-25 10:27:42] Starting WebP generation for: /home/platne/serwer149987/public_html/autoinstalator/srodowiskotestowe.wilmed.pl/wordpress72499/wp-content/uploads/2024/06/Screenshot-2024-06-18-at-11.25.45-768x432.png
[2024-06-25 10:27:42] WebP generated: /home/platne/serwer149987/public_html/autoinstalator/srodowiskotestowe.wilmed.pl/wordpress72499/wp-content/uploads/2024/06/Screenshot-2024-06-18-at-11.25.45-768x432.png
[2024-06-25 10:27:42] Starting WebP generation for: /home/platne/serwer149987/public_html/autoinstalator/srodowiskotestowe.wilmed.pl/wordpress72499/wp-content/uploads/2024/06/Screenshot-2024-06-18-at-11.25.45-1536x864.png
[2024-06-25 10:27:42] WebP generated: /home/platne/serwer149987/public_html/autoinstalator/srodowiskotestowe.wilmed.pl/wordpress72499/wp-content/uploads/2024/06/Screenshot-2024-06-18-at-11.25.45-1536x864.png
[2024-06-25 10:27:42] Starting WebP generation for: /home/platne/serwer149987/public_html/autoinstalator/srodowiskotestowe.wilmed.pl/wordpress72499/wp-content/uploads/2024/06/Screenshot-2024-06-18-at-11.25.45-2048x1152.png
[2024-06-25 10:27:42] WebP generated: /home/platne/serwer149987/public_html/autoinstalator/srodowiskotestowe.wilmed.pl/wordpress72499/wp-content/uploads/2024/06/Screenshot-2024-06-18-at-11.25.45-2048x1152.png
[2024-06-25 10:27:42] WebP sizes generated for attachment ID: 10
[2024-06-25 10:27:42] Starting AVIF size generation for attachment ID: 10
[2024-06-25 10:27:42] Starting AVIF generation for: /home/platne/serwer149987/public_html/autoinstalator/srodowiskotestowe.wilmed.pl/wordpress72499/wp-content/uploads/2024/06/Screenshot-2024-06-18-at-11.25.45.png
[2024-06-25 10:27:53] AVIF generated using Imagick: /home/platne/serwer149987/public_html/autoinstalator/srodowiskotestowe.wilmed.pl/wordpress72499/wp-content/uploads/2024/06/Screenshot-2024-06-18-at-11.25.45.png
[2024-06-25 10:27:53] AVIF generated: /home/platne/serwer149987/public_html/autoinstalator/srodowiskotestowe.wilmed.pl/wordpress72499/wp-content/uploads/2024/06/Screenshot-2024-06-18-at-11.25.45.png
[2024-06-25 10:27:53] Starting AVIF generation for: /home/platne/serwer149987/public_html/autoinstalator/srodowiskotestowe.wilmed.pl/wordpress72499/wp-content/uploads/2024/06/Screenshot-2024-06-18-at-11.25.45-300x169.png
[2024-06-25 10:27:53] AVIF generated using Imagick: /home/platne/serwer149987/public_html/autoinstalator/srodowiskotestowe.wilmed.pl/wordpress72499/wp-content/uploads/2024/06/Screenshot-2024-06-18-at-11.25.45-300x169.png
[2024-06-25 10:27:53] AVIF generated: /home/platne/serwer149987/public_html/autoinstalator/srodowiskotestowe.wilmed.pl/wordpress72499/wp-content/uploads/2024/06/Screenshot-2024-06-18-at-11.25.45-300x169.png
[2024-06-25 10:27:53] Starting AVIF generation for: /home/platne/serwer149987/public_html/autoinstalator/srodowiskotestowe.wilmed.pl/wordpress72499/wp-content/uploads/2024/06/Screenshot-2024-06-18-at-11.25.45-1024x576.png
[2024-06-25 10:27:55] AVIF generated using Imagick: /home/platne/serwer149987/public_html/autoinstalator/srodowiskotestowe.wilmed.pl/wordpress72499/wp-content/uploads/2024/06/Screenshot-2024-06-18-at-11.25.45-1024x576.png
[2024-06-25 10:27:55] AVIF generated: /home/platne/serwer149987/public_html/autoinstalator/srodowiskotestowe.wilmed.pl/wordpress72499/wp-content/uploads/2024/06/Screenshot-2024-06-18-at-11.25.45-1024x576.png
[2024-06-25 10:27:55] Starting AVIF generation for: /home/platne/serwer149987/public_html/autoinstalator/srodowiskotestowe.wilmed.pl/wordpress72499/wp-content/uploads/2024/06/Screenshot-2024-06-18-at-11.25.45-150x150.png
[2024-06-25 10:27:55] AVIF generated using Imagick: /home/platne/serwer149987/public_html/autoinstalator/srodowiskotestowe.wilmed.pl/wordpress72499/wp-content/uploads/2024/06/Screenshot-2024-06-18-at-11.25.45-150x150.png
[2024-06-25 10:27:55] AVIF generated: /home/platne/serwer149987/public_html/autoinstalator/srodowiskotestowe.wilmed.pl/wordpress72499/wp-content/uploads/2024/06/Screenshot-2024-06-18-at-11.25.45-150x150.png
[2024-06-25 10:27:55] Starting AVIF generation for: /home/platne/serwer149987/public_html/autoinstalator/srodowiskotestowe.wilmed.pl/wordpress72499/wp-content/uploads/2024/06/Screenshot-2024-06-18-at-11.25.45-768x432.png
[2024-06-25 10:27:56] AVIF generated using Imagick: /home/platne/serwer149987/public_html/autoinstalator/srodowiskotestowe.wilmed.pl/wordpress72499/wp-content/uploads/2024/06/Screenshot-2024-06-18-at-11.25.45-768x432.png
[2024-06-25 10:27:56] AVIF generated: /home/platne/serwer149987/public_html/autoinstalator/srodowiskotestowe.wilmed.pl/wordpress72499/wp-content/uploads/2024/06/Screenshot-2024-06-18-at-11.25.45-768x432.png
[2024-06-25 10:27:56] Starting AVIF generation for: /home/platne/serwer149987/public_html/autoinstalator/srodowiskotestowe.wilmed.pl/wordpress72499/wp-content/uploads/2024/06/Screenshot-2024-06-18-at-11.25.45-1536x864.png
[2024-06-25 10:27:59] AVIF generated using Imagick: /home/platne/serwer149987/public_html/autoinstalator/srodowiskotestowe.wilmed.pl/wordpress72499/wp-content/uploads/2024/06/Screenshot-2024-06-18-at-11.25.45-1536x864.png
[2024-06-25 10:27:59] AVIF generated: /home/platne/serwer149987/public_html/autoinstalator/srodowiskotestowe.wilmed.pl/wordpress72499/wp-content/uploads/2024/06/Screenshot-2024-06-18-at-11.25.45-1536x864.png
[2024-06-25 10:27:59] Starting AVIF generation for: /home/platne/serwer149987/public_html/autoinstalator/srodowiskotestowe.wilmed.pl/wordpress72499/wp-content/uploads/2024/06/Screenshot-2024-06-18-at-11.25.45-2048x1152.png
[2024-06-25 10:28:06] AVIF generated using Imagick: /home/platne/serwer149987/public_html/autoinstalator/srodowiskotestowe.wilmed.pl/wordpress72499/wp-content/uploads/2024/06/Screenshot-2024-06-18-at-11.25.45-2048x1152.png
[2024-06-25 10:28:06] AVIF generated: /home/platne/serwer149987/public_html/autoinstalator/srodowiskotestowe.wilmed.pl/wordpress72499/wp-content/uploads/2024/06/Screenshot-2024-06-18-at-11.25.45-2048x1152.png
[2024-06-25 10:28:06] AVIF sizes generated for attachment ID: 10
[2024-06-25 10:44:39] Starting WebP size generation for attachment ID: 10
[2024-06-25 10:44:39] Starting WebP generation for: /home/platne/serwer149987/public_html/autoinstalator/srodowiskotestowe.wilmed.pl/wordpress72499/wp-content/uploads/2024/06/Screenshot-2024-06-18-at-11.25.45.png
[2024-06-25 10:44:39] WebP generated: /home/platne/serwer149987/public_html/autoinstalator/srodowiskotestowe.wilmed.pl/wordpress72499/wp-content/uploads/2024/06/Screenshot-2024-06-18-at-11.25.45.png
[2024-06-25 10:44:39] Starting WebP generation for: /home/platne/serwer149987/public_html/autoinstalator/srodowiskotestowe.wilmed.pl/wordpress72499/wp-content/uploads/2024/06/Screenshot-2024-06-18-at-11.25.45-300x169.png
[2024-06-25 10:44:39] WebP generated: /home/platne/serwer149987/public_html/autoinstalator/srodowiskotestowe.wilmed.pl/wordpress72499/wp-content/uploads/2024/06/Screenshot-2024-06-18-at-11.25.45-300x169.png
[2024-06-25 10:44:39] Starting WebP generation for: /home/platne/serwer149987/public_html/autoinstalator/srodowiskotestowe.wilmed.pl/wordpress72499/wp-content/uploads/2024/06/Screenshot-2024-06-18-at-11.25.45-1024x576.png
[2024-06-25 10:44:39] WebP generated: /home/platne/serwer149987/public_html/autoinstalator/srodowiskotestowe.wilmed.pl/wordpress72499/wp-content/uploads/2024/06/Screenshot-2024-06-18-at-11.25.45-1024x576.png
[2024-06-25 10:44:39] Starting WebP generation for: /home/platne/serwer149987/public_html/autoinstalator/srodowiskotestowe.wilmed.pl/wordpress72499/wp-content/uploads/2024/06/Screenshot-2024-06-18-at-11.25.45-150x150.png
[2024-06-25 10:44:39] WebP generated: /home/platne/serwer149987/public_html/autoinstalator/srodowiskotestowe.wilmed.pl/wordpress72499/wp-content/uploads/2024/06/Screenshot-2024-06-18-at-11.25.45-150x150.png
[2024-06-25 10:44:39] Starting WebP generation for: /home/platne/serwer149987/public_html/autoinstalator/srodowiskotestowe.wilmed.pl/wordpress72499/wp-content/uploads/2024/06/Screenshot-2024-06-18-at-11.25.45-768x432.png
[2024-06-25 10:44:39] WebP generated: /home/platne/serwer149987/public_html/autoinstalator/srodowiskotestowe.wilmed.pl/wordpress72499/wp-content/uploads/2024/06/Screenshot-2024-06-18-at-11.25.45-768x432.png
[2024-06-25 10:44:39] Starting WebP generation for: /home/platne/serwer149987/public_html/autoinstalator/srodowiskotestowe.wilmed.pl/wordpress72499/wp-content/uploads/2024/06/Screenshot-2024-06-18-at-11.25.45-1536x864.png
[2024-06-25 10:44:39] WebP generated: /home/platne/serwer149987/public_html/autoinstalator/srodowiskotestowe.wilmed.pl/wordpress72499/wp-content/uploads/2024/06/Screenshot-2024-06-18-at-11.25.45-1536x864.png
[2024-06-25 10:44:39] Starting WebP generation for: /home/platne/serwer149987/public_html/autoinstalator/srodowiskotestowe.wilmed.pl/wordpress72499/wp-content/uploads/2024/06/Screenshot-2024-06-18-at-11.25.45-2048x1152.png
[2024-06-25 10:44:39] WebP generated: /home/platne/serwer149987/public_html/autoinstalator/srodowiskotestowe.wilmed.pl/wordpress72499/wp-content/uploads/2024/06/Screenshot-2024-06-18-at-11.25.45-2048x1152.png
[2024-06-25 10:44:39] WebP sizes generated for attachment ID: 10
[2024-06-25 10:44:39] Starting AVIF size generation for attachment ID: 10
[2024-06-25 10:44:39] Starting AVIF generation for: /home/platne/serwer149987/public_html/autoinstalator/srodowiskotestowe.wilmed.pl/wordpress72499/wp-content/uploads/2024/06/Screenshot-2024-06-18-at-11.25.45.png
[2024-06-25 10:44:50] AVIF generated using Imagick: /home/platne/serwer149987/public_html/autoinstalator/srodowiskotestowe.wilmed.pl/wordpress72499/wp-content/uploads/2024/06/Screenshot-2024-06-18-at-11.25.45.png
[2024-06-25 10:44:50] AVIF generated: /home/platne/serwer149987/public_html/autoinstalator/srodowiskotestowe.wilmed.pl/wordpress72499/wp-content/uploads/2024/06/Screenshot-2024-06-18-at-11.25.45.png
[2024-06-25 10:44:50] Starting AVIF generation for: /home/platne/serwer149987/public_html/autoinstalator/srodowiskotestowe.wilmed.pl/wordpress72499/wp-content/uploads/2024/06/Screenshot-2024-06-18-at-11.25.45-300x169.png
[2024-06-25 10:44:50] AVIF generated using Imagick: /home/platne/serwer149987/public_html/autoinstalator/srodowiskotestowe.wilmed.pl/wordpress72499/wp-content/uploads/2024/06/Screenshot-2024-06-18-at-11.25.45-300x169.png
[2024-06-25 10:44:50] AVIF generated: /home/platne/serwer149987/public_html/autoinstalator/srodowiskotestowe.wilmed.pl/wordpress72499/wp-content/uploads/2024/06/Screenshot-2024-06-18-at-11.25.45-300x169.png
[2024-06-25 10:44:50] Starting AVIF generation for: /home/platne/serwer149987/public_html/autoinstalator/srodowiskotestowe.wilmed.pl/wordpress72499/wp-content/uploads/2024/06/Screenshot-2024-06-18-at-11.25.45-1024x576.png
[2024-06-25 10:44:52] AVIF generated using Imagick: /home/platne/serwer149987/public_html/autoinstalator/srodowiskotestowe.wilmed.pl/wordpress72499/wp-content/uploads/2024/06/Screenshot-2024-06-18-at-11.25.45-1024x576.png
[2024-06-25 10:44:52] AVIF generated: /home/platne/serwer149987/public_html/autoinstalator/srodowiskotestowe.wilmed.pl/wordpress72499/wp-content/uploads/2024/06/Screenshot-2024-06-18-at-11.25.45-1024x576.png
[2024-06-25 10:44:52] Starting AVIF generation for: /home/platne/serwer149987/public_html/autoinstalator/srodowiskotestowe.wilmed.pl/wordpress72499/wp-content/uploads/2024/06/Screenshot-2024-06-18-at-11.25.45-150x150.png
[2024-06-25 10:44:52] AVIF generated using Imagick: /home/platne/serwer149987/public_html/autoinstalator/srodowiskotestowe.wilmed.pl/wordpress72499/wp-content/uploads/2024/06/Screenshot-2024-06-18-at-11.25.45-150x150.png
[2024-06-25 10:44:52] AVIF generated: /home/platne/serwer149987/public_html/autoinstalator/srodowiskotestowe.wilmed.pl/wordpress72499/wp-content/uploads/2024/06/Screenshot-2024-06-18-at-11.25.45-150x150.png
[2024-06-25 10:44:52] Starting AVIF generation for: /home/platne/serwer149987/public_html/autoinstalator/srodowiskotestowe.wilmed.pl/wordpress72499/wp-content/uploads/2024/06/Screenshot-2024-06-18-at-11.25.45-768x432.png
[2024-06-25 10:44:53] AVIF generated using Imagick: /home/platne/serwer149987/public_html/autoinstalator/srodowiskotestowe.wilmed.pl/wordpress72499/wp-content/uploads/2024/06/Screenshot-2024-06-18-at-11.25.45-768x432.png
[2024-06-25 10:44:53] AVIF generated: /home/platne/serwer149987/public_html/autoinstalator/srodowiskotestowe.wilmed.pl/wordpress72499/wp-content/uploads/2024/06/Screenshot-2024-06-18-at-11.25.45-768x432.png
[2024-06-25 10:44:53] Starting AVIF generation for: /home/platne/serwer149987/public_html/autoinstalator/srodowiskotestowe.wilmed.pl/wordpress72499/wp-content/uploads/2024/06/Screenshot-2024-06-18-at-11.25.45-1536x864.png
[2024-06-25 10:44:56] AVIF generated using Imagick: /home/platne/serwer149987/public_html/autoinstalator/srodowiskotestowe.wilmed.pl/wordpress72499/wp-content/uploads/2024/06/Screenshot-2024-06-18-at-11.25.45-1536x864.png
[2024-06-25 10:44:56] AVIF generated: /home/platne/serwer149987/public_html/autoinstalator/srodowiskotestowe.wilmed.pl/wordpress72499/wp-content/uploads/2024/06/Screenshot-2024-06-18-at-11.25.45-1536x864.png
[2024-06-25 10:44:56] Starting AVIF generation for: /home/platne/serwer149987/public_html/autoinstalator/srodowiskotestowe.wilmed.pl/wordpress72499/wp-content/uploads/2024/06/Screenshot-2024-06-18-at-11.25.45-2048x1152.png
[2024-06-25 10:45:03] AVIF generated using Imagick: /home/platne/serwer149987/public_html/autoinstalator/srodowiskotestowe.wilmed.pl/wordpress72499/wp-content/uploads/2024/06/Screenshot-2024-06-18-at-11.25.45-2048x1152.png
[2024-06-25 10:45:03] AVIF generated: /home/platne/serwer149987/public_html/autoinstalator/srodowiskotestowe.wilmed.pl/wordpress72499/wp-content/uploads/2024/06/Screenshot-2024-06-18-at-11.25.45-2048x1152.png
[2024-06-25 10:45:03] AVIF sizes generated for attachment ID: 10
[2024-06-25 10:45:03] Starting WebP size generation for attachment ID: 8
[2024-06-25 10:45:03] Starting WebP generation for: /home/platne/serwer149987/public_html/autoinstalator/srodowiskotestowe.wilmed.pl/wordpress72499/wp-content/uploads/2024/06/image-53.png
[2024-06-25 10:45:03] WebP generated: /home/platne/serwer149987/public_html/autoinstalator/srodowiskotestowe.wilmed.pl/wordpress72499/wp-content/uploads/2024/06/image-53.png
[2024-06-25 10:45:03] Starting WebP generation for: /home/platne/serwer149987/public_html/autoinstalator/srodowiskotestowe.wilmed.pl/wordpress72499/wp-content/uploads/2024/06/image-53-300x300.png
[2024-06-25 10:45:03] WebP generated: /home/platne/serwer149987/public_html/autoinstalator/srodowiskotestowe.wilmed.pl/wordpress72499/wp-content/uploads/2024/06/image-53-300x300.png
[2024-06-25 10:45:03] Starting WebP generation for: /home/platne/serwer149987/public_html/autoinstalator/srodowiskotestowe.wilmed.pl/wordpress72499/wp-content/uploads/2024/06/image-53-150x150.png
[2024-06-25 10:45:03] WebP generated: /home/platne/serwer149987/public_html/autoinstalator/srodowiskotestowe.wilmed.pl/wordpress72499/wp-content/uploads/2024/06/image-53-150x150.png
[2024-06-25 10:45:03] WebP sizes generated for attachment ID: 8
[2024-06-25 10:45:03] Starting AVIF size generation for attachment ID: 8
[2024-06-25 10:45:03] Starting AVIF generation for: /home/platne/serwer149987/public_html/autoinstalator/srodowiskotestowe.wilmed.pl/wordpress72499/wp-content/uploads/2024/06/image-53.png
[2024-06-25 10:45:04] AVIF generated using Imagick: /home/platne/serwer149987/public_html/autoinstalator/srodowiskotestowe.wilmed.pl/wordpress72499/wp-content/uploads/2024/06/image-53.png
[2024-06-25 10:45:04] AVIF generated: /home/platne/serwer149987/public_html/autoinstalator/srodowiskotestowe.wilmed.pl/wordpress72499/wp-content/uploads/2024/06/image-53.png
[2024-06-25 10:45:04] Starting AVIF generation for: /home/platne/serwer149987/public_html/autoinstalator/srodowiskotestowe.wilmed.pl/wordpress72499/wp-content/uploads/2024/06/image-53-300x300.png
[2024-06-25 10:45:04] AVIF generated using Imagick: /home/platne/serwer149987/public_html/autoinstalator/srodowiskotestowe.wilmed.pl/wordpress72499/wp-content/uploads/2024/06/image-53-300x300.png
[2024-06-25 10:45:04] AVIF generated: /home/platne/serwer149987/public_html/autoinstalator/srodowiskotestowe.wilmed.pl/wordpress72499/wp-content/uploads/2024/06/image-53-300x300.png
[2024-06-25 10:45:04] Starting AVIF generation for: /home/platne/serwer149987/public_html/autoinstalator/srodowiskotestowe.wilmed.pl/wordpress72499/wp-content/uploads/2024/06/image-53-150x150.png
[2024-06-25 10:45:05] AVIF generated using Imagick: /home/platne/serwer149987/public_html/autoinstalator/srodowiskotestowe.wilmed.pl/wordpress72499/wp-content/uploads/2024/06/image-53-150x150.png
[2024-06-25 10:45:05] AVIF generated: /home/platne/serwer149987/public_html/autoinstalator/srodowiskotestowe.wilmed.pl/wordpress72499/wp-content/uploads/2024/06/image-53-150x150.png
[2024-06-25 10:45:05] AVIF sizes generated for attachment ID: 8
[2024-06-25 10:50:59] Starting WebP size generation for attachment ID: 10
[2024-06-25 10:50:59] Starting WebP generation for: /home/platne/serwer149987/public_html/autoinstalator/srodowiskotestowe.wilmed.pl/wordpress72499/wp-content/uploads/2024/06/Screenshot-2024-06-18-at-11.25.45.png
[2024-06-25 10:50:59] WebP generated: /home/platne/serwer149987/public_html/autoinstalator/srodowiskotestowe.wilmed.pl/wordpress72499/wp-content/uploads/2024/06/Screenshot-2024-06-18-at-11.25.45.png
[2024-06-25 10:50:59] Starting WebP generation for: /home/platne/serwer149987/public_html/autoinstalator/srodowiskotestowe.wilmed.pl/wordpress72499/wp-content/uploads/2024/06/Screenshot-2024-06-18-at-11.25.45-300x169.png
[2024-06-25 10:50:59] WebP generated: /home/platne/serwer149987/public_html/autoinstalator/srodowiskotestowe.wilmed.pl/wordpress72499/wp-content/uploads/2024/06/Screenshot-2024-06-18-at-11.25.45-300x169.png
[2024-06-25 10:50:59] Starting WebP generation for: /home/platne/serwer149987/public_html/autoinstalator/srodowiskotestowe.wilmed.pl/wordpress72499/wp-content/uploads/2024/06/Screenshot-2024-06-18-at-11.25.45-1024x576.png
[2024-06-25 10:50:59] WebP generated: /home/platne/serwer149987/public_html/autoinstalator/srodowiskotestowe.wilmed.pl/wordpress72499/wp-content/uploads/2024/06/Screenshot-2024-06-18-at-11.25.45-1024x576.png
[2024-06-25 10:50:59] Starting WebP generation for: /home/platne/serwer149987/public_html/autoinstalator/srodowiskotestowe.wilmed.pl/wordpress72499/wp-content/uploads/2024/06/Screenshot-2024-06-18-at-11.25.45-150x150.png
[2024-06-25 10:50:59] WebP generated: /home/platne/serwer149987/public_html/autoinstalator/srodowiskotestowe.wilmed.pl/wordpress72499/wp-content/uploads/2024/06/Screenshot-2024-06-18-at-11.25.45-150x150.png
[2024-06-25 10:50:59] Starting WebP generation for: /home/platne/serwer149987/public_html/autoinstalator/srodowiskotestowe.wilmed.pl/wordpress72499/wp-content/uploads/2024/06/Screenshot-2024-06-18-at-11.25.45-768x432.png
[2024-06-25 10:50:59] WebP generated: /home/platne/serwer149987/public_html/autoinstalator/srodowiskotestowe.wilmed.pl/wordpress72499/wp-content/uploads/2024/06/Screenshot-2024-06-18-at-11.25.45-768x432.png
[2024-06-25 10:50:59] Starting WebP generation for: /home/platne/serwer149987/public_html/autoinstalator/srodowiskotestowe.wilmed.pl/wordpress72499/wp-content/uploads/2024/06/Screenshot-2024-06-18-at-11.25.45-1536x864.png
[2024-06-25 10:50:59] Starting WebP size generation for attachment ID: 10
[2024-06-25 10:50:59] Starting WebP generation for: /home/platne/serwer149987/public_html/autoinstalator/srodowiskotestowe.wilmed.pl/wordpress72499/wp-content/uploads/2024/06/Screenshot-2024-06-18-at-11.25.45.png
[2024-06-25 10:50:59] WebP generated: /home/platne/serwer149987/public_html/autoinstalator/srodowiskotestowe.wilmed.pl/wordpress72499/wp-content/uploads/2024/06/Screenshot-2024-06-18-at-11.25.45-1536x864.png
[2024-06-25 10:50:59] Starting WebP generation for: /home/platne/serwer149987/public_html/autoinstalator/srodowiskotestowe.wilmed.pl/wordpress72499/wp-content/uploads/2024/06/Screenshot-2024-06-18-at-11.25.45-2048x1152.png
[2024-06-25 10:51:00] WebP generated: /home/platne/serwer149987/public_html/autoinstalator/srodowiskotestowe.wilmed.pl/wordpress72499/wp-content/uploads/2024/06/Screenshot-2024-06-18-at-11.25.45.png
[2024-06-25 10:51:00] Starting WebP generation for: /home/platne/serwer149987/public_html/autoinstalator/srodowiskotestowe.wilmed.pl/wordpress72499/wp-content/uploads/2024/06/Screenshot-2024-06-18-at-11.25.45-300x169.png
[2024-06-25 10:51:00] WebP generated: /home/platne/serwer149987/public_html/autoinstalator/srodowiskotestowe.wilmed.pl/wordpress72499/wp-content/uploads/2024/06/Screenshot-2024-06-18-at-11.25.45-300x169.png
[2024-06-25 10:51:00] Starting WebP generation for: /home/platne/serwer149987/public_html/autoinstalator/srodowiskotestowe.wilmed.pl/wordpress72499/wp-content/uploads/2024/06/Screenshot-2024-06-18-at-11.25.45-1024x576.png
[2024-06-25 10:51:00] WebP generated: /home/platne/serwer149987/public_html/autoinstalator/srodowiskotestowe.wilmed.pl/wordpress72499/wp-content/uploads/2024/06/Screenshot-2024-06-18-at-11.25.45-1024x576.png
[2024-06-25 10:51:00] Starting WebP generation for: /home/platne/serwer149987/public_html/autoinstalator/srodowiskotestowe.wilmed.pl/wordpress72499/wp-content/uploads/2024/06/Screenshot-2024-06-18-at-11.25.45-150x150.png
[2024-06-25 10:51:00] WebP generated: /home/platne/serwer149987/public_html/autoinstalator/srodowiskotestowe.wilmed.pl/wordpress72499/wp-content/uploads/2024/06/Screenshot-2024-06-18-at-11.25.45-150x150.png
[2024-06-25 10:51:00] Starting WebP generation for: /home/platne/serwer149987/public_html/autoinstalator/srodowiskotestowe.wilmed.pl/wordpress72499/wp-content/uploads/2024/06/Screenshot-2024-06-18-at-11.25.45-768x432.png
[2024-06-25 10:51:00] WebP generated: /home/platne/serwer149987/public_html/autoinstalator/srodowiskotestowe.wilmed.pl/wordpress72499/wp-content/uploads/2024/06/Screenshot-2024-06-18-at-11.25.45-2048x1152.png
[2024-06-25 10:51:00] WebP sizes generated for attachment ID: 10
[2024-06-25 10:51:00] Starting AVIF size generation for attachment ID: 10
[2024-06-25 10:51:00] Starting AVIF generation for: /home/platne/serwer149987/public_html/autoinstalator/srodowiskotestowe.wilmed.pl/wordpress72499/wp-content/uploads/2024/06/Screenshot-2024-06-18-at-11.25.45.png
[2024-06-25 10:51:00] WebP generated: /home/platne/serwer149987/public_html/autoinstalator/srodowiskotestowe.wilmed.pl/wordpress72499/wp-content/uploads/2024/06/Screenshot-2024-06-18-at-11.25.45-768x432.png
[2024-06-25 10:51:00] Starting WebP generation for: /home/platne/serwer149987/public_html/autoinstalator/srodowiskotestowe.wilmed.pl/wordpress72499/wp-content/uploads/2024/06/Screenshot-2024-06-18-at-11.25.45-1536x864.png
[2024-06-25 10:51:00] WebP generated: /home/platne/serwer149987/public_html/autoinstalator/srodowiskotestowe.wilmed.pl/wordpress72499/wp-content/uploads/2024/06/Screenshot-2024-06-18-at-11.25.45-1536x864.png
[2024-06-25 10:51:00] Starting WebP generation for: /home/platne/serwer149987/public_html/autoinstalator/srodowiskotestowe.wilmed.pl/wordpress72499/wp-content/uploads/2024/06/Screenshot-2024-06-18-at-11.25.45-2048x1152.png
[2024-06-25 10:51:00] WebP generated: /home/platne/serwer149987/public_html/autoinstalator/srodowiskotestowe.wilmed.pl/wordpress72499/wp-content/uploads/2024/06/Screenshot-2024-06-18-at-11.25.45-2048x1152.png
[2024-06-25 10:51:00] WebP sizes generated for attachment ID: 10
[2024-06-25 10:51:00] Starting AVIF size generation for attachment ID: 10
[2024-06-25 10:51:00] Starting AVIF generation for: /home/platne/serwer149987/public_html/autoinstalator/srodowiskotestowe.wilmed.pl/wordpress72499/wp-content/uploads/2024/06/Screenshot-2024-06-18-at-11.25.45.png
[2024-06-25 10:51:12] AVIF generated using Imagick: /home/platne/serwer149987/public_html/autoinstalator/srodowiskotestowe.wilmed.pl/wordpress72499/wp-content/uploads/2024/06/Screenshot-2024-06-18-at-11.25.45.png
[2024-06-25 10:51:12] AVIF generated: /home/platne/serwer149987/public_html/autoinstalator/srodowiskotestowe.wilmed.pl/wordpress72499/wp-content/uploads/2024/06/Screenshot-2024-06-18-at-11.25.45.png
[2024-06-25 10:51:12] Starting AVIF generation for: /home/platne/serwer149987/public_html/autoinstalator/srodowiskotestowe.wilmed.pl/wordpress72499/wp-content/uploads/2024/06/Screenshot-2024-06-18-at-11.25.45-300x169.png
[2024-06-25 10:51:12] AVIF generated using Imagick: /home/platne/serwer149987/public_html/autoinstalator/srodowiskotestowe.wilmed.pl/wordpress72499/wp-content/uploads/2024/06/Screenshot-2024-06-18-at-11.25.45.png
[2024-06-25 10:51:12] AVIF generated: /home/platne/serwer149987/public_html/autoinstalator/srodowiskotestowe.wilmed.pl/wordpress72499/wp-content/uploads/2024/06/Screenshot-2024-06-18-at-11.25.45.png
[2024-06-25 10:51:12] Starting AVIF generation for: /home/platne/serwer149987/public_html/autoinstalator/srodowiskotestowe.wilmed.pl/wordpress72499/wp-content/uploads/2024/06/Screenshot-2024-06-18-at-11.25.45-300x169.png
[2024-06-25 10:51:13] AVIF generated using Imagick: /home/platne/serwer149987/public_html/autoinstalator/srodowiskotestowe.wilmed.pl/wordpress72499/wp-content/uploads/2024/06/Screenshot-2024-06-18-at-11.25.45-300x169.png
[2024-06-25 10:51:13] AVIF generated: /home/platne/serwer149987/public_html/autoinstalator/srodowiskotestowe.wilmed.pl/wordpress72499/wp-content/uploads/2024/06/Screenshot-2024-06-18-at-11.25.45-300x169.png
[2024-06-25 10:51:13] Starting AVIF generation for: /home/platne/serwer149987/public_html/autoinstalator/srodowiskotestowe.wilmed.pl/wordpress72499/wp-content/uploads/2024/06/Screenshot-2024-06-18-at-11.25.45-1024x576.png
[2024-06-25 10:51:13] AVIF generated using Imagick: /home/platne/serwer149987/public_html/autoinstalator/srodowiskotestowe.wilmed.pl/wordpress72499/wp-content/uploads/2024/06/Screenshot-2024-06-18-at-11.25.45-300x169.png
[2024-06-25 10:51:13] AVIF generated: /home/platne/serwer149987/public_html/autoinstalator/srodowiskotestowe.wilmed.pl/wordpress72499/wp-content/uploads/2024/06/Screenshot-2024-06-18-at-11.25.45-300x169.png
[2024-06-25 10:51:13] Starting AVIF generation for: /home/platne/serwer149987/public_html/autoinstalator/srodowiskotestowe.wilmed.pl/wordpress72499/wp-content/uploads/2024/06/Screenshot-2024-06-18-at-11.25.45-1024x576.png
[2024-06-25 10:51:14] AVIF generated using Imagick: /home/platne/serwer149987/public_html/autoinstalator/srodowiskotestowe.wilmed.pl/wordpress72499/wp-content/uploads/2024/06/Screenshot-2024-06-18-at-11.25.45-1024x576.png
[2024-06-25 10:51:14] AVIF generated: /home/platne/serwer149987/public_html/autoinstalator/srodowiskotestowe.wilmed.pl/wordpress72499/wp-content/uploads/2024/06/Screenshot-2024-06-18-at-11.25.45-1024x576.png
[2024-06-25 10:51:14] Starting AVIF generation for: /home/platne/serwer149987/public_html/autoinstalator/srodowiskotestowe.wilmed.pl/wordpress72499/wp-content/uploads/2024/06/Screenshot-2024-06-18-at-11.25.45-150x150.png
[2024-06-25 10:51:14] AVIF generated using Imagick: /home/platne/serwer149987/public_html/autoinstalator/srodowiskotestowe.wilmed.pl/wordpress72499/wp-content/uploads/2024/06/Screenshot-2024-06-18-at-11.25.45-150x150.png
[2024-06-25 10:51:14] AVIF generated: /home/platne/serwer149987/public_html/autoinstalator/srodowiskotestowe.wilmed.pl/wordpress72499/wp-content/uploads/2024/06/Screenshot-2024-06-18-at-11.25.45-150x150.png
[2024-06-25 10:51:14] Starting AVIF generation for: /home/platne/serwer149987/public_html/autoinstalator/srodowiskotestowe.wilmed.pl/wordpress72499/wp-content/uploads/2024/06/Screenshot-2024-06-18-at-11.25.45-768x432.png
[2024-06-25 10:51:15] AVIF generated using Imagick: /home/platne/serwer149987/public_html/autoinstalator/srodowiskotestowe.wilmed.pl/wordpress72499/wp-content/uploads/2024/06/Screenshot-2024-06-18-at-11.25.45-768x432.png
[2024-06-25 10:51:15] AVIF generated: /home/platne/serwer149987/public_html/autoinstalator/srodowiskotestowe.wilmed.pl/wordpress72499/wp-content/uploads/2024/06/Screenshot-2024-06-18-at-11.25.45-768x432.png
[2024-06-25 10:51:15] Starting AVIF generation for: /home/platne/serwer149987/public_html/autoinstalator/srodowiskotestowe.wilmed.pl/wordpress72499/wp-content/uploads/2024/06/Screenshot-2024-06-18-at-11.25.45-1536x864.png
[2024-06-25 10:51:15] AVIF generated using Imagick: /home/platne/serwer149987/public_html/autoinstalator/srodowiskotestowe.wilmed.pl/wordpress72499/wp-content/uploads/2024/06/Screenshot-2024-06-18-at-11.25.45-1024x576.png
[2024-06-25 10:51:15] AVIF generated: /home/platne/serwer149987/public_html/autoinstalator/srodowiskotestowe.wilmed.pl/wordpress72499/wp-content/uploads/2024/06/Screenshot-2024-06-18-at-11.25.45-1024x576.png
[2024-06-25 10:51:15] Starting AVIF generation for: /home/platne/serwer149987/public_html/autoinstalator/srodowiskotestowe.wilmed.pl/wordpress72499/wp-content/uploads/2024/06/Screenshot-2024-06-18-at-11.25.45-150x150.png
[2024-06-25 10:51:15] AVIF generated using Imagick: /home/platne/serwer149987/public_html/autoinstalator/srodowiskotestowe.wilmed.pl/wordpress72499/wp-content/uploads/2024/06/Screenshot-2024-06-18-at-11.25.45-150x150.png
[2024-06-25 10:51:15] AVIF generated: /home/platne/serwer149987/public_html/autoinstalator/srodowiskotestowe.wilmed.pl/wordpress72499/wp-content/uploads/2024/06/Screenshot-2024-06-18-at-11.25.45-150x150.png
[2024-06-25 10:51:15] Starting AVIF generation for: /home/platne/serwer149987/public_html/autoinstalator/srodowiskotestowe.wilmed.pl/wordpress72499/wp-content/uploads/2024/06/Screenshot-2024-06-18-at-11.25.45-768x432.png
[2024-06-25 10:51:16] AVIF generated using Imagick: /home/platne/serwer149987/public_html/autoinstalator/srodowiskotestowe.wilmed.pl/wordpress72499/wp-content/uploads/2024/06/Screenshot-2024-06-18-at-11.25.45-768x432.png
[2024-06-25 10:51:16] AVIF generated: /home/platne/serwer149987/public_html/autoinstalator/srodowiskotestowe.wilmed.pl/wordpress72499/wp-content/uploads/2024/06/Screenshot-2024-06-18-at-11.25.45-768x432.png
[2024-06-25 10:51:16] Starting AVIF generation for: /home/platne/serwer149987/public_html/autoinstalator/srodowiskotestowe.wilmed.pl/wordpress72499/wp-content/uploads/2024/06/Screenshot-2024-06-18-at-11.25.45-1536x864.png
[2024-06-25 10:51:18] AVIF generated using Imagick: /home/platne/serwer149987/public_html/autoinstalator/srodowiskotestowe.wilmed.pl/wordpress72499/wp-content/uploads/2024/06/Screenshot-2024-06-18-at-11.25.45-1536x864.png
[2024-06-25 10:51:18] AVIF generated: /home/platne/serwer149987/public_html/autoinstalator/srodowiskotestowe.wilmed.pl/wordpress72499/wp-content/uploads/2024/06/Screenshot-2024-06-18-at-11.25.45-1536x864.png
[2024-06-25 10:51:18] Starting AVIF generation for: /home/platne/serwer149987/public_html/autoinstalator/srodowiskotestowe.wilmed.pl/wordpress72499/wp-content/uploads/2024/06/Screenshot-2024-06-18-at-11.25.45-2048x1152.png
[2024-06-25 10:51:19] AVIF generated using Imagick: /home/platne/serwer149987/public_html/autoinstalator/srodowiskotestowe.wilmed.pl/wordpress72499/wp-content/uploads/2024/06/Screenshot-2024-06-18-at-11.25.45-1536x864.png
[2024-06-25 10:51:19] AVIF generated: /home/platne/serwer149987/public_html/autoinstalator/srodowiskotestowe.wilmed.pl/wordpress72499/wp-content/uploads/2024/06/Screenshot-2024-06-18-at-11.25.45-1536x864.png
[2024-06-25 10:51:19] Starting AVIF generation for: /home/platne/serwer149987/public_html/autoinstalator/srodowiskotestowe.wilmed.pl/wordpress72499/wp-content/uploads/2024/06/Screenshot-2024-06-18-at-11.25.45-2048x1152.png
[2024-06-25 10:51:25] AVIF generated using Imagick: /home/platne/serwer149987/public_html/autoinstalator/srodowiskotestowe.wilmed.pl/wordpress72499/wp-content/uploads/2024/06/Screenshot-2024-06-18-at-11.25.45-2048x1152.png
[2024-06-25 10:51:25] AVIF generated: /home/platne/serwer149987/public_html/autoinstalator/srodowiskotestowe.wilmed.pl/wordpress72499/wp-content/uploads/2024/06/Screenshot-2024-06-18-at-11.25.45-2048x1152.png
[2024-06-25 10:51:25] AVIF sizes generated for attachment ID: 10
[2024-06-25 10:51:25] Starting WebP size generation for attachment ID: 8
[2024-06-25 10:51:25] Starting WebP generation for: /home/platne/serwer149987/public_html/autoinstalator/srodowiskotestowe.wilmed.pl/wordpress72499/wp-content/uploads/2024/06/image-53.png
[2024-06-25 10:51:25] WebP generated: /home/platne/serwer149987/public_html/autoinstalator/srodowiskotestowe.wilmed.pl/wordpress72499/wp-content/uploads/2024/06/image-53.png
[2024-06-25 10:51:25] Starting WebP generation for: /home/platne/serwer149987/public_html/autoinstalator/srodowiskotestowe.wilmed.pl/wordpress72499/wp-content/uploads/2024/06/image-53-300x300.png
[2024-06-25 10:51:25] WebP generated: /home/platne/serwer149987/public_html/autoinstalator/srodowiskotestowe.wilmed.pl/wordpress72499/wp-content/uploads/2024/06/image-53-300x300.png
[2024-06-25 10:51:25] Starting WebP generation for: /home/platne/serwer149987/public_html/autoinstalator/srodowiskotestowe.wilmed.pl/wordpress72499/wp-content/uploads/2024/06/image-53-150x150.png
[2024-06-25 10:51:25] WebP generated: /home/platne/serwer149987/public_html/autoinstalator/srodowiskotestowe.wilmed.pl/wordpress72499/wp-content/uploads/2024/06/image-53-150x150.png
[2024-06-25 10:51:25] WebP sizes generated for attachment ID: 8
[2024-06-25 10:51:25] Starting AVIF size generation for attachment ID: 8
[2024-06-25 10:51:25] Starting AVIF generation for: /home/platne/serwer149987/public_html/autoinstalator/srodowiskotestowe.wilmed.pl/wordpress72499/wp-content/uploads/2024/06/image-53.png
[2024-06-25 10:51:25] AVIF generated using Imagick: /home/platne/serwer149987/public_html/autoinstalator/srodowiskotestowe.wilmed.pl/wordpress72499/wp-content/uploads/2024/06/Screenshot-2024-06-18-at-11.25.45-2048x1152.png
[2024-06-25 10:51:25] AVIF generated: /home/platne/serwer149987/public_html/autoinstalator/srodowiskotestowe.wilmed.pl/wordpress72499/wp-content/uploads/2024/06/Screenshot-2024-06-18-at-11.25.45-2048x1152.png
[2024-06-25 10:51:26] AVIF sizes generated for attachment ID: 10
[2024-06-25 10:51:26] Starting WebP size generation for attachment ID: 8
[2024-06-25 10:51:26] Starting WebP generation for: /home/platne/serwer149987/public_html/autoinstalator/srodowiskotestowe.wilmed.pl/wordpress72499/wp-content/uploads/2024/06/image-53.png
[2024-06-25 10:51:26] WebP generated: /home/platne/serwer149987/public_html/autoinstalator/srodowiskotestowe.wilmed.pl/wordpress72499/wp-content/uploads/2024/06/image-53.png
[2024-06-25 10:51:26] Starting WebP generation for: /home/platne/serwer149987/public_html/autoinstalator/srodowiskotestowe.wilmed.pl/wordpress72499/wp-content/uploads/2024/06/image-53-300x300.png
[2024-06-25 10:51:26] WebP generated: /home/platne/serwer149987/public_html/autoinstalator/srodowiskotestowe.wilmed.pl/wordpress72499/wp-content/uploads/2024/06/image-53-300x300.png
[2024-06-25 10:51:26] Starting WebP generation for: /home/platne/serwer149987/public_html/autoinstalator/srodowiskotestowe.wilmed.pl/wordpress72499/wp-content/uploads/2024/06/image-53-150x150.png
[2024-06-25 10:51:26] WebP generated: /home/platne/serwer149987/public_html/autoinstalator/srodowiskotestowe.wilmed.pl/wordpress72499/wp-content/uploads/2024/06/image-53-150x150.png
[2024-06-25 10:51:26] WebP sizes generated for attachment ID: 8
[2024-06-25 10:51:26] Starting AVIF size generation for attachment ID: 8
[2024-06-25 10:51:26] Starting AVIF generation for: /home/platne/serwer149987/public_html/autoinstalator/srodowiskotestowe.wilmed.pl/wordpress72499/wp-content/uploads/2024/06/image-53.png
[2024-06-25 10:51:26] AVIF generated using Imagick: /home/platne/serwer149987/public_html/autoinstalator/srodowiskotestowe.wilmed.pl/wordpress72499/wp-content/uploads/2024/06/image-53.png
[2024-06-25 10:51:26] AVIF generated: /home/platne/serwer149987/public_html/autoinstalator/srodowiskotestowe.wilmed.pl/wordpress72499/wp-content/uploads/2024/06/image-53.png
[2024-06-25 10:51:26] Starting AVIF generation for: /home/platne/serwer149987/public_html/autoinstalator/srodowiskotestowe.wilmed.pl/wordpress72499/wp-content/uploads/2024/06/image-53-300x300.png
[2024-06-25 10:51:26] AVIF generated using Imagick: /home/platne/serwer149987/public_html/autoinstalator/srodowiskotestowe.wilmed.pl/wordpress72499/wp-content/uploads/2024/06/image-53-300x300.png
[2024-06-25 10:51:26] AVIF generated: /home/platne/serwer149987/public_html/autoinstalator/srodowiskotestowe.wilmed.pl/wordpress72499/wp-content/uploads/2024/06/image-53-300x300.png
[2024-06-25 10:51:26] Starting AVIF generation for: /home/platne/serwer149987/public_html/autoinstalator/srodowiskotestowe.wilmed.pl/wordpress72499/wp-content/uploads/2024/06/image-53-150x150.png
[2024-06-25 10:51:26] AVIF generated using Imagick: /home/platne/serwer149987/public_html/autoinstalator/srodowiskotestowe.wilmed.pl/wordpress72499/wp-content/uploads/2024/06/image-53-150x150.png
[2024-06-25 10:51:26] AVIF generated: /home/platne/serwer149987/public_html/autoinstalator/srodowiskotestowe.wilmed.pl/wordpress72499/wp-content/uploads/2024/06/image-53-150x150.png
[2024-06-25 10:51:26] AVIF sizes generated for attachment ID: 8
[2024-06-25 10:51:27] AVIF generated using Imagick: /home/platne/serwer149987/public_html/autoinstalator/srodowiskotestowe.wilmed.pl/wordpress72499/wp-content/uploads/2024/06/image-53.png
[2024-06-25 10:51:27] AVIF generated: /home/platne/serwer149987/public_html/autoinstalator/srodowiskotestowe.wilmed.pl/wordpress72499/wp-content/uploads/2024/06/image-53.png
[2024-06-25 10:51:27] Starting AVIF generation for: /home/platne/serwer149987/public_html/autoinstalator/srodowiskotestowe.wilmed.pl/wordpress72499/wp-content/uploads/2024/06/image-53-300x300.png
[2024-06-25 10:51:27] AVIF generated using Imagick: /home/platne/serwer149987/public_html/autoinstalator/srodowiskotestowe.wilmed.pl/wordpress72499/wp-content/uploads/2024/06/image-53-300x300.png
[2024-06-25 10:51:27] AVIF generated: /home/platne/serwer149987/public_html/autoinstalator/srodowiskotestowe.wilmed.pl/wordpress72499/wp-content/uploads/2024/06/image-53-300x300.png
[2024-06-25 10:51:27] Starting AVIF generation for: /home/platne/serwer149987/public_html/autoinstalator/srodowiskotestowe.wilmed.pl/wordpress72499/wp-content/uploads/2024/06/image-53-150x150.png
[2024-06-25 10:51:27] AVIF generated using Imagick: /home/platne/serwer149987/public_html/autoinstalator/srodowiskotestowe.wilmed.pl/wordpress72499/wp-content/uploads/2024/06/image-53-150x150.png
[2024-06-25 10:51:27] AVIF generated: /home/platne/serwer149987/public_html/autoinstalator/srodowiskotestowe.wilmed.pl/wordpress72499/wp-content/uploads/2024/06/image-53-150x150.png
[2024-06-25 10:51:27] AVIF sizes generated for attachment ID: 8
[2024-06-25 10:57:18] Starting WebP size generation for attachment ID: 10
[2024-06-25 10:57:18] Starting WebP generation for: /home/platne/serwer149987/public_html/autoinstalator/srodowiskotestowe.wilmed.pl/wordpress72499/wp-content/uploads/2024/06/Screenshot-2024-06-18-at-11.25.45.png
[2024-06-25 10:57:18] WebP generated: /home/platne/serwer149987/public_html/autoinstalator/srodowiskotestowe.wilmed.pl/wordpress72499/wp-content/uploads/2024/06/Screenshot-2024-06-18-at-11.25.45.png
[2024-06-25 10:57:18] Starting WebP generation for: /home/platne/serwer149987/public_html/autoinstalator/srodowiskotestowe.wilmed.pl/wordpress72499/wp-content/uploads/2024/06/Screenshot-2024-06-18-at-11.25.45-300x169.png
[2024-06-25 10:57:18] WebP generated: /home/platne/serwer149987/public_html/autoinstalator/srodowiskotestowe.wilmed.pl/wordpress72499/wp-content/uploads/2024/06/Screenshot-2024-06-18-at-11.25.45-300x169.png
[2024-06-25 10:57:18] Starting WebP generation for: /home/platne/serwer149987/public_html/autoinstalator/srodowiskotestowe.wilmed.pl/wordpress72499/wp-content/uploads/2024/06/Screenshot-2024-06-18-at-11.25.45-1024x576.png
[2024-06-25 10:57:18] WebP generated: /home/platne/serwer149987/public_html/autoinstalator/srodowiskotestowe.wilmed.pl/wordpress72499/wp-content/uploads/2024/06/Screenshot-2024-06-18-at-11.25.45-1024x576.png
[2024-06-25 10:57:18] Starting WebP generation for: /home/platne/serwer149987/public_html/autoinstalator/srodowiskotestowe.wilmed.pl/wordpress72499/wp-content/uploads/2024/06/Screenshot-2024-06-18-at-11.25.45-150x150.png
[2024-06-25 10:57:18] WebP generated: /home/platne/serwer149987/public_html/autoinstalator/srodowiskotestowe.wilmed.pl/wordpress72499/wp-content/uploads/2024/06/Screenshot-2024-06-18-at-11.25.45-150x150.png
[2024-06-25 10:57:18] Starting WebP generation for: /home/platne/serwer149987/public_html/autoinstalator/srodowiskotestowe.wilmed.pl/wordpress72499/wp-content/uploads/2024/06/Screenshot-2024-06-18-at-11.25.45-768x432.png
[2024-06-25 10:57:18] WebP generated: /home/platne/serwer149987/public_html/autoinstalator/srodowiskotestowe.wilmed.pl/wordpress72499/wp-content/uploads/2024/06/Screenshot-2024-06-18-at-11.25.45-768x432.png
[2024-06-25 10:57:18] Starting WebP generation for: /home/platne/serwer149987/public_html/autoinstalator/srodowiskotestowe.wilmed.pl/wordpress72499/wp-content/uploads/2024/06/Screenshot-2024-06-18-at-11.25.45-1536x864.png
[2024-06-25 10:57:19] WebP generated: /home/platne/serwer149987/public_html/autoinstalator/srodowiskotestowe.wilmed.pl/wordpress72499/wp-content/uploads/2024/06/Screenshot-2024-06-18-at-11.25.45-1536x864.png
[2024-06-25 10:57:19] Starting WebP generation for: /home/platne/serwer149987/public_html/autoinstalator/srodowiskotestowe.wilmed.pl/wordpress72499/wp-content/uploads/2024/06/Screenshot-2024-06-18-at-11.25.45-2048x1152.png
[2024-06-25 10:57:19] WebP generated: /home/platne/serwer149987/public_html/autoinstalator/srodowiskotestowe.wilmed.pl/wordpress72499/wp-content/uploads/2024/06/Screenshot-2024-06-18-at-11.25.45-2048x1152.png
[2024-06-25 10:57:19] WebP sizes generated for attachment ID: 10
[2024-06-25 10:57:19] Starting AVIF size generation for attachment ID: 10
[2024-06-25 10:57:19] Starting AVIF generation for: /home/platne/serwer149987/public_html/autoinstalator/srodowiskotestowe.wilmed.pl/wordpress72499/wp-content/uploads/2024/06/Screenshot-2024-06-18-at-11.25.45.png
[2024-06-25 10:57:29] AVIF generated using Imagick: /home/platne/serwer149987/public_html/autoinstalator/srodowiskotestowe.wilmed.pl/wordpress72499/wp-content/uploads/2024/06/Screenshot-2024-06-18-at-11.25.45.png
[2024-06-25 10:57:29] AVIF generated: /home/platne/serwer149987/public_html/autoinstalator/srodowiskotestowe.wilmed.pl/wordpress72499/wp-content/uploads/2024/06/Screenshot-2024-06-18-at-11.25.45.png
[2024-06-25 10:57:29] Starting AVIF generation for: /home/platne/serwer149987/public_html/autoinstalator/srodowiskotestowe.wilmed.pl/wordpress72499/wp-content/uploads/2024/06/Screenshot-2024-06-18-at-11.25.45-300x169.png
[2024-06-25 10:57:29] AVIF generated using Imagick: /home/platne/serwer149987/public_html/autoinstalator/srodowiskotestowe.wilmed.pl/wordpress72499/wp-content/uploads/2024/06/Screenshot-2024-06-18-at-11.25.45-300x169.png
[2024-06-25 10:57:29] AVIF generated: /home/platne/serwer149987/public_html/autoinstalator/srodowiskotestowe.wilmed.pl/wordpress72499/wp-content/uploads/2024/06/Screenshot-2024-06-18-at-11.25.45-300x169.png
[2024-06-25 10:57:29] Starting AVIF generation for: /home/platne/serwer149987/public_html/autoinstalator/srodowiskotestowe.wilmed.pl/wordpress72499/wp-content/uploads/2024/06/Screenshot-2024-06-18-at-11.25.45-1024x576.png
[2024-06-25 10:57:30] AVIF generated using Imagick: /home/platne/serwer149987/public_html/autoinstalator/srodowiskotestowe.wilmed.pl/wordpress72499/wp-content/uploads/2024/06/Screenshot-2024-06-18-at-11.25.45-1024x576.png
[2024-06-25 10:57:30] AVIF generated: /home/platne/serwer149987/public_html/autoinstalator/srodowiskotestowe.wilmed.pl/wordpress72499/wp-content/uploads/2024/06/Screenshot-2024-06-18-at-11.25.45-1024x576.png
[2024-06-25 10:57:30] Starting AVIF generation for: /home/platne/serwer149987/public_html/autoinstalator/srodowiskotestowe.wilmed.pl/wordpress72499/wp-content/uploads/2024/06/Screenshot-2024-06-18-at-11.25.45-150x150.png
[2024-06-25 10:57:30] AVIF generated using Imagick: /home/platne/serwer149987/public_html/autoinstalator/srodowiskotestowe.wilmed.pl/wordpress72499/wp-content/uploads/2024/06/Screenshot-2024-06-18-at-11.25.45-150x150.png
[2024-06-25 10:57:30] AVIF generated: /home/platne/serwer149987/public_html/autoinstalator/srodowiskotestowe.wilmed.pl/wordpress72499/wp-content/uploads/2024/06/Screenshot-2024-06-18-at-11.25.45-150x150.png
[2024-06-25 10:57:30] Starting AVIF generation for: /home/platne/serwer149987/public_html/autoinstalator/srodowiskotestowe.wilmed.pl/wordpress72499/wp-content/uploads/2024/06/Screenshot-2024-06-18-at-11.25.45-768x432.png
[2024-06-25 10:57:31] AVIF generated using Imagick: /home/platne/serwer149987/public_html/autoinstalator/srodowiskotestowe.wilmed.pl/wordpress72499/wp-content/uploads/2024/06/Screenshot-2024-06-18-at-11.25.45-768x432.png
[2024-06-25 10:57:31] AVIF generated: /home/platne/serwer149987/public_html/autoinstalator/srodowiskotestowe.wilmed.pl/wordpress72499/wp-content/uploads/2024/06/Screenshot-2024-06-18-at-11.25.45-768x432.png
[2024-06-25 10:57:31] Starting AVIF generation for: /home/platne/serwer149987/public_html/autoinstalator/srodowiskotestowe.wilmed.pl/wordpress72499/wp-content/uploads/2024/06/Screenshot-2024-06-18-at-11.25.45-1536x864.png
[2024-06-25 10:57:34] AVIF generated using Imagick: /home/platne/serwer149987/public_html/autoinstalator/srodowiskotestowe.wilmed.pl/wordpress72499/wp-content/uploads/2024/06/Screenshot-2024-06-18-at-11.25.45-1536x864.png
[2024-06-25 10:57:34] AVIF generated: /home/platne/serwer149987/public_html/autoinstalator/srodowiskotestowe.wilmed.pl/wordpress72499/wp-content/uploads/2024/06/Screenshot-2024-06-18-at-11.25.45-1536x864.png
[2024-06-25 10:57:34] Starting AVIF generation for: /home/platne/serwer149987/public_html/autoinstalator/srodowiskotestowe.wilmed.pl/wordpress72499/wp-content/uploads/2024/06/Screenshot-2024-06-18-at-11.25.45-2048x1152.png
[2024-06-25 10:57:40] AVIF generated using Imagick: /home/platne/serwer149987/public_html/autoinstalator/srodowiskotestowe.wilmed.pl/wordpress72499/wp-content/uploads/2024/06/Screenshot-2024-06-18-at-11.25.45-2048x1152.png
[2024-06-25 10:57:40] AVIF generated: /home/platne/serwer149987/public_html/autoinstalator/srodowiskotestowe.wilmed.pl/wordpress72499/wp-content/uploads/2024/06/Screenshot-2024-06-18-at-11.25.45-2048x1152.png
[2024-06-25 10:57:40] AVIF sizes generated for attachment ID: 10
[2024-06-25 10:57:40] Starting WebP size generation for attachment ID: 8
[2024-06-25 10:57:40] Starting WebP generation for: /home/platne/serwer149987/public_html/autoinstalator/srodowiskotestowe.wilmed.pl/wordpress72499/wp-content/uploads/2024/06/image-53.png
[2024-06-25 10:57:40] WebP generated: /home/platne/serwer149987/public_html/autoinstalator/srodowiskotestowe.wilmed.pl/wordpress72499/wp-content/uploads/2024/06/image-53.png
[2024-06-25 10:57:40] Starting WebP generation for: /home/platne/serwer149987/public_html/autoinstalator/srodowiskotestowe.wilmed.pl/wordpress72499/wp-content/uploads/2024/06/image-53-300x300.png
[2024-06-25 10:57:40] WebP generated: /home/platne/serwer149987/public_html/autoinstalator/srodowiskotestowe.wilmed.pl/wordpress72499/wp-content/uploads/2024/06/image-53-300x300.png
[2024-06-25 10:57:40] Starting WebP generation for: /home/platne/serwer149987/public_html/autoinstalator/srodowiskotestowe.wilmed.pl/wordpress72499/wp-content/uploads/2024/06/image-53-150x150.png
[2024-06-25 10:57:40] WebP generated: /home/platne/serwer149987/public_html/autoinstalator/srodowiskotestowe.wilmed.pl/wordpress72499/wp-content/uploads/2024/06/image-53-150x150.png
[2024-06-25 10:57:40] WebP sizes generated for attachment ID: 8
[2024-06-25 10:57:40] Starting AVIF size generation for attachment ID: 8
[2024-06-25 10:57:40] Starting AVIF generation for: /home/platne/serwer149987/public_html/autoinstalator/srodowiskotestowe.wilmed.pl/wordpress72499/wp-content/uploads/2024/06/image-53.png
[2024-06-25 10:57:41] AVIF generated using Imagick: /home/platne/serwer149987/public_html/autoinstalator/srodowiskotestowe.wilmed.pl/wordpress72499/wp-content/uploads/2024/06/image-53.png
[2024-06-25 10:57:41] AVIF generated: /home/platne/serwer149987/public_html/autoinstalator/srodowiskotestowe.wilmed.pl/wordpress72499/wp-content/uploads/2024/06/image-53.png
[2024-06-25 10:57:41] Starting AVIF generation for: /home/platne/serwer149987/public_html/autoinstalator/srodowiskotestowe.wilmed.pl/wordpress72499/wp-content/uploads/2024/06/image-53-300x300.png
[2024-06-25 10:57:41] AVIF generated using Imagick: /home/platne/serwer149987/public_html/autoinstalator/srodowiskotestowe.wilmed.pl/wordpress72499/wp-content/uploads/2024/06/image-53-300x300.png
[2024-06-25 10:57:41] AVIF generated: /home/platne/serwer149987/public_html/autoinstalator/srodowiskotestowe.wilmed.pl/wordpress72499/wp-content/uploads/2024/06/image-53-300x300.png
[2024-06-25 10:57:41] Starting AVIF generation for: /home/platne/serwer149987/public_html/autoinstalator/srodowiskotestowe.wilmed.pl/wordpress72499/wp-content/uploads/2024/06/image-53-150x150.png
[2024-06-25 10:57:42] AVIF generated using Imagick: /home/platne/serwer149987/public_html/autoinstalator/srodowiskotestowe.wilmed.pl/wordpress72499/wp-content/uploads/2024/06/image-53-150x150.png
[2024-06-25 10:57:42] AVIF generated: /home/platne/serwer149987/public_html/autoinstalator/srodowiskotestowe.wilmed.pl/wordpress72499/wp-content/uploads/2024/06/image-53-150x150.png
[2024-06-25 10:57:42] AVIF sizes generated for attachment ID: 8
[2024-06-25 10:58:01] Starting WebP size generation for attachment ID: 10
[2024-06-25 10:58:01] Starting WebP generation for: /home/platne/serwer149987/public_html/autoinstalator/srodowiskotestowe.wilmed.pl/wordpress72499/wp-content/uploads/2024/06/Screenshot-2024-06-18-at-11.25.45.png
[2024-06-25 10:58:01] WebP generated: /home/platne/serwer149987/public_html/autoinstalator/srodowiskotestowe.wilmed.pl/wordpress72499/wp-content/uploads/2024/06/Screenshot-2024-06-18-at-11.25.45.png
[2024-06-25 10:58:01] Starting WebP generation for: /home/platne/serwer149987/public_html/autoinstalator/srodowiskotestowe.wilmed.pl/wordpress72499/wp-content/uploads/2024/06/Screenshot-2024-06-18-at-11.25.45-300x169.png
[2024-06-25 10:58:01] WebP generated: /home/platne/serwer149987/public_html/autoinstalator/srodowiskotestowe.wilmed.pl/wordpress72499/wp-content/uploads/2024/06/Screenshot-2024-06-18-at-11.25.45-300x169.png
[2024-06-25 10:58:01] Starting WebP generation for: /home/platne/serwer149987/public_html/autoinstalator/srodowiskotestowe.wilmed.pl/wordpress72499/wp-content/uploads/2024/06/Screenshot-2024-06-18-at-11.25.45-1024x576.png
[2024-06-25 10:58:01] WebP generated: /home/platne/serwer149987/public_html/autoinstalator/srodowiskotestowe.wilmed.pl/wordpress72499/wp-content/uploads/2024/06/Screenshot-2024-06-18-at-11.25.45-1024x576.png
[2024-06-25 10:58:01] Starting WebP generation for: /home/platne/serwer149987/public_html/autoinstalator/srodowiskotestowe.wilmed.pl/wordpress72499/wp-content/uploads/2024/06/Screenshot-2024-06-18-at-11.25.45-150x150.png
[2024-06-25 10:58:01] WebP generated: /home/platne/serwer149987/public_html/autoinstalator/srodowiskotestowe.wilmed.pl/wordpress72499/wp-content/uploads/2024/06/Screenshot-2024-06-18-at-11.25.45-150x150.png
[2024-06-25 10:58:01] Starting WebP generation for: /home/platne/serwer149987/public_html/autoinstalator/srodowiskotestowe.wilmed.pl/wordpress72499/wp-content/uploads/2024/06/Screenshot-2024-06-18-at-11.25.45-768x432.png
[2024-06-25 10:58:01] WebP generated: /home/platne/serwer149987/public_html/autoinstalator/srodowiskotestowe.wilmed.pl/wordpress72499/wp-content/uploads/2024/06/Screenshot-2024-06-18-at-11.25.45-768x432.png
[2024-06-25 10:58:01] Starting WebP generation for: /home/platne/serwer149987/public_html/autoinstalator/srodowiskotestowe.wilmed.pl/wordpress72499/wp-content/uploads/2024/06/Screenshot-2024-06-18-at-11.25.45-1536x864.png
[2024-06-25 10:58:01] WebP generated: /home/platne/serwer149987/public_html/autoinstalator/srodowiskotestowe.wilmed.pl/wordpress72499/wp-content/uploads/2024/06/Screenshot-2024-06-18-at-11.25.45-1536x864.png
[2024-06-25 10:58:01] Starting WebP generation for: /home/platne/serwer149987/public_html/autoinstalator/srodowiskotestowe.wilmed.pl/wordpress72499/wp-content/uploads/2024/06/Screenshot-2024-06-18-at-11.25.45-2048x1152.png
[2024-06-25 10:58:01] WebP generated: /home/platne/serwer149987/public_html/autoinstalator/srodowiskotestowe.wilmed.pl/wordpress72499/wp-content/uploads/2024/06/Screenshot-2024-06-18-at-11.25.45-2048x1152.png
[2024-06-25 10:58:01] WebP sizes generated for attachment ID: 10
[2024-06-25 10:58:01] Starting AVIF size generation for attachment ID: 10
[2024-06-25 10:58:01] Starting AVIF generation for: /home/platne/serwer149987/public_html/autoinstalator/srodowiskotestowe.wilmed.pl/wordpress72499/wp-content/uploads/2024/06/Screenshot-2024-06-18-at-11.25.45.png
[2024-06-25 10:58:12] AVIF generated using Imagick: /home/platne/serwer149987/public_html/autoinstalator/srodowiskotestowe.wilmed.pl/wordpress72499/wp-content/uploads/2024/06/Screenshot-2024-06-18-at-11.25.45.png
[2024-06-25 10:58:12] AVIF generated: /home/platne/serwer149987/public_html/autoinstalator/srodowiskotestowe.wilmed.pl/wordpress72499/wp-content/uploads/2024/06/Screenshot-2024-06-18-at-11.25.45.png
[2024-06-25 10:58:12] Starting AVIF generation for: /home/platne/serwer149987/public_html/autoinstalator/srodowiskotestowe.wilmed.pl/wordpress72499/wp-content/uploads/2024/06/Screenshot-2024-06-18-at-11.25.45-300x169.png
[2024-06-25 10:58:12] AVIF generated using Imagick: /home/platne/serwer149987/public_html/autoinstalator/srodowiskotestowe.wilmed.pl/wordpress72499/wp-content/uploads/2024/06/Screenshot-2024-06-18-at-11.25.45-300x169.png
[2024-06-25 10:58:12] AVIF generated: /home/platne/serwer149987/public_html/autoinstalator/srodowiskotestowe.wilmed.pl/wordpress72499/wp-content/uploads/2024/06/Screenshot-2024-06-18-at-11.25.45-300x169.png
[2024-06-25 10:58:12] Starting AVIF generation for: /home/platne/serwer149987/public_html/autoinstalator/srodowiskotestowe.wilmed.pl/wordpress72499/wp-content/uploads/2024/06/Screenshot-2024-06-18-at-11.25.45-1024x576.png
[2024-06-25 10:58:14] AVIF generated using Imagick: /home/platne/serwer149987/public_html/autoinstalator/srodowiskotestowe.wilmed.pl/wordpress72499/wp-content/uploads/2024/06/Screenshot-2024-06-18-at-11.25.45-1024x576.png
[2024-06-25 10:58:14] AVIF generated: /home/platne/serwer149987/public_html/autoinstalator/srodowiskotestowe.wilmed.pl/wordpress72499/wp-content/uploads/2024/06/Screenshot-2024-06-18-at-11.25.45-1024x576.png
[2024-06-25 10:58:14] Starting AVIF generation for: /home/platne/serwer149987/public_html/autoinstalator/srodowiskotestowe.wilmed.pl/wordpress72499/wp-content/uploads/2024/06/Screenshot-2024-06-18-at-11.25.45-150x150.png
[2024-06-25 10:58:14] AVIF generated using Imagick: /home/platne/serwer149987/public_html/autoinstalator/srodowiskotestowe.wilmed.pl/wordpress72499/wp-content/uploads/2024/06/Screenshot-2024-06-18-at-11.25.45-150x150.png
[2024-06-25 10:58:14] AVIF generated: /home/platne/serwer149987/public_html/autoinstalator/srodowiskotestowe.wilmed.pl/wordpress72499/wp-content/uploads/2024/06/Screenshot-2024-06-18-at-11.25.45-150x150.png
[2024-06-25 10:58:14] Starting AVIF generation for: /home/platne/serwer149987/public_html/autoinstalator/srodowiskotestowe.wilmed.pl/wordpress72499/wp-content/uploads/2024/06/Screenshot-2024-06-18-at-11.25.45-768x432.png
[2024-06-25 10:58:15] AVIF generated using Imagick: /home/platne/serwer149987/public_html/autoinstalator/srodowiskotestowe.wilmed.pl/wordpress72499/wp-content/uploads/2024/06/Screenshot-2024-06-18-at-11.25.45-768x432.png
[2024-06-25 10:58:15] AVIF generated: /home/platne/serwer149987/public_html/autoinstalator/srodowiskotestowe.wilmed.pl/wordpress72499/wp-content/uploads/2024/06/Screenshot-2024-06-18-at-11.25.45-768x432.png
[2024-06-25 10:58:15] Starting AVIF generation for: /home/platne/serwer149987/public_html/autoinstalator/srodowiskotestowe.wilmed.pl/wordpress72499/wp-content/uploads/2024/06/Screenshot-2024-06-18-at-11.25.45-1536x864.png
[2024-06-25 10:58:18] AVIF generated using Imagick: /home/platne/serwer149987/public_html/autoinstalator/srodowiskotestowe.wilmed.pl/wordpress72499/wp-content/uploads/2024/06/Screenshot-2024-06-18-at-11.25.45-1536x864.png
[2024-06-25 10:58:18] AVIF generated: /home/platne/serwer149987/public_html/autoinstalator/srodowiskotestowe.wilmed.pl/wordpress72499/wp-content/uploads/2024/06/Screenshot-2024-06-18-at-11.25.45-1536x864.png
[2024-06-25 10:58:18] Starting AVIF generation for: /home/platne/serwer149987/public_html/autoinstalator/srodowiskotestowe.wilmed.pl/wordpress72499/wp-content/uploads/2024/06/Screenshot-2024-06-18-at-11.25.45-2048x1152.png
[2024-06-25 10:58:24] AVIF generated using Imagick: /home/platne/serwer149987/public_html/autoinstalator/srodowiskotestowe.wilmed.pl/wordpress72499/wp-content/uploads/2024/06/Screenshot-2024-06-18-at-11.25.45-2048x1152.png
[2024-06-25 10:58:24] AVIF generated: /home/platne/serwer149987/public_html/autoinstalator/srodowiskotestowe.wilmed.pl/wordpress72499/wp-content/uploads/2024/06/Screenshot-2024-06-18-at-11.25.45-2048x1152.png
[2024-06-25 10:58:24] AVIF sizes generated for attachment ID: 10
[2024-06-25 10:58:24] Starting WebP size generation for attachment ID: 8
[2024-06-25 10:58:24] Starting WebP generation for: /home/platne/serwer149987/public_html/autoinstalator/srodowiskotestowe.wilmed.pl/wordpress72499/wp-content/uploads/2024/06/image-53.png
[2024-06-25 10:58:24] WebP generated: /home/platne/serwer149987/public_html/autoinstalator/srodowiskotestowe.wilmed.pl/wordpress72499/wp-content/uploads/2024/06/image-53.png
[2024-06-25 10:58:24] Starting WebP generation for: /home/platne/serwer149987/public_html/autoinstalator/srodowiskotestowe.wilmed.pl/wordpress72499/wp-content/uploads/2024/06/image-53-300x300.png
[2024-06-25 10:58:24] WebP generated: /home/platne/serwer149987/public_html/autoinstalator/srodowiskotestowe.wilmed.pl/wordpress72499/wp-content/uploads/2024/06/image-53-300x300.png
[2024-06-25 10:58:24] Starting WebP generation for: /home/platne/serwer149987/public_html/autoinstalator/srodowiskotestowe.wilmed.pl/wordpress72499/wp-content/uploads/2024/06/image-53-150x150.png
[2024-06-25 10:58:24] WebP generated: /home/platne/serwer149987/public_html/autoinstalator/srodowiskotestowe.wilmed.pl/wordpress72499/wp-content/uploads/2024/06/image-53-150x150.png
[2024-06-25 10:58:24] WebP sizes generated for attachment ID: 8
[2024-06-25 10:58:24] Starting AVIF size generation for attachment ID: 8
[2024-06-25 10:58:24] Starting AVIF generation for: /home/platne/serwer149987/public_html/autoinstalator/srodowiskotestowe.wilmed.pl/wordpress72499/wp-content/uploads/2024/06/image-53.png
[2024-06-25 10:58:25] AVIF generated using Imagick: /home/platne/serwer149987/public_html/autoinstalator/srodowiskotestowe.wilmed.pl/wordpress72499/wp-content/uploads/2024/06/image-53.png
[2024-06-25 10:58:25] AVIF generated: /home/platne/serwer149987/public_html/autoinstalator/srodowiskotestowe.wilmed.pl/wordpress72499/wp-content/uploads/2024/06/image-53.png
[2024-06-25 10:58:25] Starting AVIF generation for: /home/platne/serwer149987/public_html/autoinstalator/srodowiskotestowe.wilmed.pl/wordpress72499/wp-content/uploads/2024/06/image-53-300x300.png
[2024-06-25 10:58:25] AVIF generated using Imagick: /home/platne/serwer149987/public_html/autoinstalator/srodowiskotestowe.wilmed.pl/wordpress72499/wp-content/uploads/2024/06/image-53-300x300.png
[2024-06-25 10:58:25] AVIF generated: /home/platne/serwer149987/public_html/autoinstalator/srodowiskotestowe.wilmed.pl/wordpress72499/wp-content/uploads/2024/06/image-53-300x300.png
[2024-06-25 10:58:25] Starting AVIF generation for: /home/platne/serwer149987/public_html/autoinstalator/srodowiskotestowe.wilmed.pl/wordpress72499/wp-content/uploads/2024/06/image-53-150x150.png
[2024-06-25 10:58:25] AVIF generated using Imagick: /home/platne/serwer149987/public_html/autoinstalator/srodowiskotestowe.wilmed.pl/wordpress72499/wp-content/uploads/2024/06/image-53-150x150.png
[2024-06-25 10:58:25] AVIF generated: /home/platne/serwer149987/public_html/autoinstalator/srodowiskotestowe.wilmed.pl/wordpress72499/wp-content/uploads/2024/06/image-53-150x150.png
[2024-06-25 10:58:25] AVIF sizes generated for attachment ID: 8
[2024-06-25 10:59:10] Starting WebP size generation for attachment ID: 10
[2024-06-25 10:59:10] Starting WebP generation for: /home/platne/serwer149987/public_html/autoinstalator/srodowiskotestowe.wilmed.pl/wordpress72499/wp-content/uploads/2024/06/Screenshot-2024-06-18-at-11.25.45.png
[2024-06-25 10:59:10] WebP generated: /home/platne/serwer149987/public_html/autoinstalator/srodowiskotestowe.wilmed.pl/wordpress72499/wp-content/uploads/2024/06/Screenshot-2024-06-18-at-11.25.45.png
[2024-06-25 10:59:10] Starting WebP generation for: /home/platne/serwer149987/public_html/autoinstalator/srodowiskotestowe.wilmed.pl/wordpress72499/wp-content/uploads/2024/06/Screenshot-2024-06-18-at-11.25.45-300x169.png
[2024-06-25 10:59:10] WebP generated: /home/platne/serwer149987/public_html/autoinstalator/srodowiskotestowe.wilmed.pl/wordpress72499/wp-content/uploads/2024/06/Screenshot-2024-06-18-at-11.25.45-300x169.png
[2024-06-25 10:59:10] Starting WebP generation for: /home/platne/serwer149987/public_html/autoinstalator/srodowiskotestowe.wilmed.pl/wordpress72499/wp-content/uploads/2024/06/Screenshot-2024-06-18-at-11.25.45-1024x576.png
[2024-06-25 10:59:11] WebP generated: /home/platne/serwer149987/public_html/autoinstalator/srodowiskotestowe.wilmed.pl/wordpress72499/wp-content/uploads/2024/06/Screenshot-2024-06-18-at-11.25.45-1024x576.png
[2024-06-25 10:59:11] Starting WebP generation for: /home/platne/serwer149987/public_html/autoinstalator/srodowiskotestowe.wilmed.pl/wordpress72499/wp-content/uploads/2024/06/Screenshot-2024-06-18-at-11.25.45-150x150.png
[2024-06-25 10:59:11] WebP generated: /home/platne/serwer149987/public_html/autoinstalator/srodowiskotestowe.wilmed.pl/wordpress72499/wp-content/uploads/2024/06/Screenshot-2024-06-18-at-11.25.45-150x150.png
[2024-06-25 10:59:11] Starting WebP generation for: /home/platne/serwer149987/public_html/autoinstalator/srodowiskotestowe.wilmed.pl/wordpress72499/wp-content/uploads/2024/06/Screenshot-2024-06-18-at-11.25.45-768x432.png
[2024-06-25 10:59:11] WebP generated: /home/platne/serwer149987/public_html/autoinstalator/srodowiskotestowe.wilmed.pl/wordpress72499/wp-content/uploads/2024/06/Screenshot-2024-06-18-at-11.25.45-768x432.png
[2024-06-25 10:59:11] Starting WebP generation for: /home/platne/serwer149987/public_html/autoinstalator/srodowiskotestowe.wilmed.pl/wordpress72499/wp-content/uploads/2024/06/Screenshot-2024-06-18-at-11.25.45-1536x864.png
[2024-06-25 10:59:11] WebP generated: /home/platne/serwer149987/public_html/autoinstalator/srodowiskotestowe.wilmed.pl/wordpress72499/wp-content/uploads/2024/06/Screenshot-2024-06-18-at-11.25.45-1536x864.png
[2024-06-25 10:59:11] Starting WebP generation for: /home/platne/serwer149987/public_html/autoinstalator/srodowiskotestowe.wilmed.pl/wordpress72499/wp-content/uploads/2024/06/Screenshot-2024-06-18-at-11.25.45-2048x1152.png
[2024-06-25 10:59:11] WebP generated: /home/platne/serwer149987/public_html/autoinstalator/srodowiskotestowe.wilmed.pl/wordpress72499/wp-content/uploads/2024/06/Screenshot-2024-06-18-at-11.25.45-2048x1152.png
[2024-06-25 10:59:11] WebP sizes generated for attachment ID: 10
[2024-06-25 10:59:11] Starting AVIF size generation for attachment ID: 10
[2024-06-25 10:59:11] Starting AVIF generation for: /home/platne/serwer149987/public_html/autoinstalator/srodowiskotestowe.wilmed.pl/wordpress72499/wp-content/uploads/2024/06/Screenshot-2024-06-18-at-11.25.45.png
[2024-06-25 10:59:21] AVIF generated using Imagick: /home/platne/serwer149987/public_html/autoinstalator/srodowiskotestowe.wilmed.pl/wordpress72499/wp-content/uploads/2024/06/Screenshot-2024-06-18-at-11.25.45.png
[2024-06-25 10:59:21] AVIF generated: /home/platne/serwer149987/public_html/autoinstalator/srodowiskotestowe.wilmed.pl/wordpress72499/wp-content/uploads/2024/06/Screenshot-2024-06-18-at-11.25.45.png
[2024-06-25 10:59:21] Starting AVIF generation for: /home/platne/serwer149987/public_html/autoinstalator/srodowiskotestowe.wilmed.pl/wordpress72499/wp-content/uploads/2024/06/Screenshot-2024-06-18-at-11.25.45-300x169.png
[2024-06-25 10:59:22] AVIF generated using Imagick: /home/platne/serwer149987/public_html/autoinstalator/srodowiskotestowe.wilmed.pl/wordpress72499/wp-content/uploads/2024/06/Screenshot-2024-06-18-at-11.25.45-300x169.png
[2024-06-25 10:59:22] AVIF generated: /home/platne/serwer149987/public_html/autoinstalator/srodowiskotestowe.wilmed.pl/wordpress72499/wp-content/uploads/2024/06/Screenshot-2024-06-18-at-11.25.45-300x169.png
[2024-06-25 10:59:22] Starting AVIF generation for: /home/platne/serwer149987/public_html/autoinstalator/srodowiskotestowe.wilmed.pl/wordpress72499/wp-content/uploads/2024/06/Screenshot-2024-06-18-at-11.25.45-1024x576.png
[2024-06-25 10:59:23] AVIF generated using Imagick: /home/platne/serwer149987/public_html/autoinstalator/srodowiskotestowe.wilmed.pl/wordpress72499/wp-content/uploads/2024/06/Screenshot-2024-06-18-at-11.25.45-1024x576.png
[2024-06-25 10:59:23] AVIF generated: /home/platne/serwer149987/public_html/autoinstalator/srodowiskotestowe.wilmed.pl/wordpress72499/wp-content/uploads/2024/06/Screenshot-2024-06-18-at-11.25.45-1024x576.png
[2024-06-25 10:59:23] Starting AVIF generation for: /home/platne/serwer149987/public_html/autoinstalator/srodowiskotestowe.wilmed.pl/wordpress72499/wp-content/uploads/2024/06/Screenshot-2024-06-18-at-11.25.45-150x150.png
[2024-06-25 10:59:23] AVIF generated using Imagick: /home/platne/serwer149987/public_html/autoinstalator/srodowiskotestowe.wilmed.pl/wordpress72499/wp-content/uploads/2024/06/Screenshot-2024-06-18-at-11.25.45-150x150.png
[2024-06-25 10:59:23] AVIF generated: /home/platne/serwer149987/public_html/autoinstalator/srodowiskotestowe.wilmed.pl/wordpress72499/wp-content/uploads/2024/06/Screenshot-2024-06-18-at-11.25.45-150x150.png
[2024-06-25 10:59:23] Starting AVIF generation for: /home/platne/serwer149987/public_html/autoinstalator/srodowiskotestowe.wilmed.pl/wordpress72499/wp-content/uploads/2024/06/Screenshot-2024-06-18-at-11.25.45-768x432.png
[2024-06-25 10:59:24] AVIF generated using Imagick: /home/platne/serwer149987/public_html/autoinstalator/srodowiskotestowe.wilmed.pl/wordpress72499/wp-content/uploads/2024/06/Screenshot-2024-06-18-at-11.25.45-768x432.png
[2024-06-25 10:59:24] AVIF generated: /home/platne/serwer149987/public_html/autoinstalator/srodowiskotestowe.wilmed.pl/wordpress72499/wp-content/uploads/2024/06/Screenshot-2024-06-18-at-11.25.45-768x432.png
[2024-06-25 10:59:24] Starting AVIF generation for: /home/platne/serwer149987/public_html/autoinstalator/srodowiskotestowe.wilmed.pl/wordpress72499/wp-content/uploads/2024/06/Screenshot-2024-06-18-at-11.25.45-1536x864.png
[2024-06-25 10:59:27] AVIF generated using Imagick: /home/platne/serwer149987/public_html/autoinstalator/srodowiskotestowe.wilmed.pl/wordpress72499/wp-content/uploads/2024/06/Screenshot-2024-06-18-at-11.25.45-1536x864.png
[2024-06-25 10:59:27] AVIF generated: /home/platne/serwer149987/public_html/autoinstalator/srodowiskotestowe.wilmed.pl/wordpress72499/wp-content/uploads/2024/06/Screenshot-2024-06-18-at-11.25.45-1536x864.png
[2024-06-25 10:59:27] Starting AVIF generation for: /home/platne/serwer149987/public_html/autoinstalator/srodowiskotestowe.wilmed.pl/wordpress72499/wp-content/uploads/2024/06/Screenshot-2024-06-18-at-11.25.45-2048x1152.png
[2024-06-25 10:59:33] AVIF generated using Imagick: /home/platne/serwer149987/public_html/autoinstalator/srodowiskotestowe.wilmed.pl/wordpress72499/wp-content/uploads/2024/06/Screenshot-2024-06-18-at-11.25.45-2048x1152.png
[2024-06-25 10:59:33] AVIF generated: /home/platne/serwer149987/public_html/autoinstalator/srodowiskotestowe.wilmed.pl/wordpress72499/wp-content/uploads/2024/06/Screenshot-2024-06-18-at-11.25.45-2048x1152.png
[2024-06-25 10:59:33] AVIF sizes generated for attachment ID: 10
[2024-06-25 10:59:33] Starting WebP size generation for attachment ID: 8
[2024-06-25 10:59:33] Starting WebP generation for: /home/platne/serwer149987/public_html/autoinstalator/srodowiskotestowe.wilmed.pl/wordpress72499/wp-content/uploads/2024/06/image-53.png
[2024-06-25 10:59:33] WebP generated: /home/platne/serwer149987/public_html/autoinstalator/srodowiskotestowe.wilmed.pl/wordpress72499/wp-content/uploads/2024/06/image-53.png
[2024-06-25 10:59:33] Starting WebP generation for: /home/platne/serwer149987/public_html/autoinstalator/srodowiskotestowe.wilmed.pl/wordpress72499/wp-content/uploads/2024/06/image-53-300x300.png
[2024-06-25 10:59:33] WebP generated: /home/platne/serwer149987/public_html/autoinstalator/srodowiskotestowe.wilmed.pl/wordpress72499/wp-content/uploads/2024/06/image-53-300x300.png
[2024-06-25 10:59:33] Starting WebP generation for: /home/platne/serwer149987/public_html/autoinstalator/srodowiskotestowe.wilmed.pl/wordpress72499/wp-content/uploads/2024/06/image-53-150x150.png
[2024-06-25 10:59:33] WebP generated: /home/platne/serwer149987/public_html/autoinstalator/srodowiskotestowe.wilmed.pl/wordpress72499/wp-content/uploads/2024/06/image-53-150x150.png
[2024-06-25 10:59:33] WebP sizes generated for attachment ID: 8
[2024-06-25 10:59:33] Starting AVIF size generation for attachment ID: 8
[2024-06-25 10:59:33] Starting AVIF generation for: /home/platne/serwer149987/public_html/autoinstalator/srodowiskotestowe.wilmed.pl/wordpress72499/wp-content/uploads/2024/06/image-53.png
[2024-06-25 10:59:34] AVIF generated using Imagick: /home/platne/serwer149987/public_html/autoinstalator/srodowiskotestowe.wilmed.pl/wordpress72499/wp-content/uploads/2024/06/image-53.png
[2024-06-25 10:59:34] AVIF generated: /home/platne/serwer149987/public_html/autoinstalator/srodowiskotestowe.wilmed.pl/wordpress72499/wp-content/uploads/2024/06/image-53.png
[2024-06-25 10:59:34] Starting AVIF generation for: /home/platne/serwer149987/public_html/autoinstalator/srodowiskotestowe.wilmed.pl/wordpress72499/wp-content/uploads/2024/06/image-53-300x300.png
[2024-06-25 10:59:35] AVIF generated using Imagick: /home/platne/serwer149987/public_html/autoinstalator/srodowiskotestowe.wilmed.pl/wordpress72499/wp-content/uploads/2024/06/image-53-300x300.png
[2024-06-25 10:59:35] AVIF generated: /home/platne/serwer149987/public_html/autoinstalator/srodowiskotestowe.wilmed.pl/wordpress72499/wp-content/uploads/2024/06/image-53-300x300.png
[2024-06-25 10:59:35] Starting AVIF generation for: /home/platne/serwer149987/public_html/autoinstalator/srodowiskotestowe.wilmed.pl/wordpress72499/wp-content/uploads/2024/06/image-53-150x150.png
[2024-06-25 10:59:35] AVIF generated using Imagick: /home/platne/serwer149987/public_html/autoinstalator/srodowiskotestowe.wilmed.pl/wordpress72499/wp-content/uploads/2024/06/image-53-150x150.png
[2024-06-25 10:59:35] AVIF generated: /home/platne/serwer149987/public_html/autoinstalator/srodowiskotestowe.wilmed.pl/wordpress72499/wp-content/uploads/2024/06/image-53-150x150.png
[2024-06-25 10:59:35] AVIF sizes generated for attachment ID: 8
